Fetching pbpstats.com API game logs for playoff year 2002 (2001-02)...
pbpstats.com all-player call not usable for 2002; falling back to per-player: 422 Client Error: Unprocessable Entity for url: https://api.pbpstats.com/get-game-logs/nba?Season=2001-02&SeasonType=Playoffs&EntityType=Player
  player 1/186 1065: 12 game-log rows
  player 2/186 1088: 10 game-log rows
  player 3/186 109: 19 game-log rows
  player 4/186 1112: 10 game-log rows
  player 5/186 1114: 3 game-log rows
  player 6/186 120: 10 game-log rows
  player 7/186 121: 4 game-log rows
  player 8/186 123: 3 game-log rows
  player 9/186 124: 16 game-log rows
  player 10/186 133: 9 game-log rows
  player 11/186 136: 9 game-log rows
  player 12/186 1425: 20 game-log rows
  player 13/186 1442: 5 game-log rows
  player 14/186 1444: 5 game-log rows
  player 15/186 146: 2 game-log rows
  player 16/186 1477: 10 game-log rows
  player 17/186 1495: 9 game-log rows
  player 18/186 1496: 20 game-log rows
  player 19/186 1497: 3 game-log rows
  player 20/186 1498: 10 game-log rows
  player 21/186 1499: 16 game-log rows
  player 22/186 1500: 5 game-log rows
  player 23/186 1503: 4 game-log rows
  player 24/186 1506: 4 game-log rows
  player 25/186 1507: 3 game-log rows
  player 26/186 1513: 15 game-log rows
  player 27/186 1517: 16 game-log rows
  player 28/186 1520: 4 game-log rows
  player 29/186 1531: 1 game-log rows
  player 30/186 1533: 19 game-log rows
  player 31/186 1541: 5 game-log rows
  player 32/186 1542: 3 game-log rows
  player 33/186 1548: 4 game-log rows
  player 34/186 1559: 4 game-log rows
  player 35/186 1563: 5 game-log rows
  player 36/186 1565: 1 game-log rows
  player 37/186 1594: 2 game-log rows
  player 38/186 1601: 4 game-log rows
  player 39/186 1607: 4 game-log rows
  player 40/186 164: 5 game-log rows
  player 41/186 165: 5 game-log rows
  player 42/186 1710: 16 game-log rows
  player 43/186 1711: 8 game-log rows
  player 44/186 1714: 8 game-log rows
  player 45/186 1717: 8 game-log rows
  player 46/186 1718: 16 game-log rows
  player 47/186 1719: 3 game-log rows
  player 48/186 1721: 5 game-log rows
  player 49/186 1723: 5 game-log rows
  player 50/186 1724: 2 game-log rows
  player 51/186 1725: 3 game-log rows
  player 52/186 1727: 4 game-log rows
  player 53/186 1732: 3 game-log rows
  player 54/186 1738: 4 game-log rows
  player 55/186 1739: 3 game-log rows
  player 56/186 1740: 3 game-log rows
  player 57/186 1742: 3 game-log rows
  player 58/186 1743: 1 game-log rows
  player 59/186 1744: 5 game-log rows
  player 60/186 1761: 7 game-log rows
  player 61/186 1800: 10 game-log rows
  player 62/186 1802: 5 game-log rows
  player 63/186 185: 16 game-log rows
  player 64/186 1884: 9 game-log rows
  player 65/186 1886: 5 game-log rows
  player 66/186 1887: 3 game-log rows
  player 67/186 1897: 5 game-log rows
  player 68/186 1900: 4 game-log rows
  player 69/186 1902: 5 game-log rows
  player 70/186 1904: 19 game-log rows
  player 71/186 1905: 4 game-log rows
  player 72/186 1907: 1 game-log rows
  player 73/186 1909: 4 game-log rows
  player 74/186 1915: 3 game-log rows
  player 75/186 1917: 8 game-log rows
  player 76/186 1924: 9 game-log rows
  player 77/186 1928: 20 game-log rows
  player 78/186 1952: 3 game-log rows
  player 79/186 198: 10 game-log rows
  player 80/186 1983: 4 game-log rows
  player 81/186 201: 2 game-log rows
  player 82/186 2030: 20 game-log rows
  player 83/186 2034: 4 game-log rows
  player 84/186 2045: 16 game-log rows
  player 85/186 2046: 5 game-log rows
  player 86/186 2048: 8 game-log rows
  player 87/186 2049: 5 game-log rows
  player 88/186 2050: 5 game-log rows
  player 89/186 2058: 7 game-log rows
  player 90/186 2059: 8 game-log rows
  player 91/186 2071: 3 game-log rows
  player 92/186 209: 4 game-log rows
  player 93/186 2098: 7 game-log rows
  player 94/186 213: 5 game-log rows
  player 95/186 216: 19 game-log rows
  player 96/186 2206: 1 game-log rows
  player 97/186 2208: 2 game-log rows
  player 98/186 2209: 5 game-log rows
  player 99/186 2210: 20 game-log rows
  player 100/186 2213: 2 game-log rows
  player 101/186 2214: 1 game-log rows
  player 102/186 2215: 17 game-log rows
  player 103/186 2216: 1 game-log rows
  player 104/186 2222: 5 game-log rows
  player 105/186 2224: 5 game-log rows
  player 106/186 2225: 10 game-log rows
  player 107/186 2243: 6 game-log rows
  player 108/186 2249: 2 game-log rows
  player 109/186 2260: 4 game-log rows
  player 110/186 2264: 2 game-log rows
  player 111/186 2349: 1 game-log rows
  player 112/186 243: 5 game-log rows
  player 113/186 248: 9 game-log rows
  player 114/186 252: 4 game-log rows
  player 115/186 270: 4 game-log rows
  player 116/186 271: 3 game-log rows
  player 117/186 278: 9 game-log rows
  player 118/186 283: 18 game-log rows
  player 119/186 296: 19 game-log rows
  player 120/186 304: 4 game-log rows
  player 121/186 324: 3 game-log rows
  player 122/186 344: 4 game-log rows
  player 123/186 345: 10 game-log rows
  player 124/186 353: 4 game-log rows
  player 125/186 359: 1 game-log rows
  player 126/186 361: 10 game-log rows
  player 127/186 365: 4 game-log rows
  player 128/186 397: 5 game-log rows
  player 129/186 406: 19 game-log rows
  player 130/186 417: API failed: 503 Server Error: Service Temporarily Unavailable for url: https://api.pbpstats.com/get-game-logs/nba?Season=2001-02&SeasonType=Playoffs&EntityType=Player&EntityId=417
  player 131/186 42: 4 game-log rows
  player 132/186 431: 3 game-log rows
  player 133/186 446: 20 game-log rows
  player 134/186 452: API failed: 503 Server Error: Service Temporarily Unavailable for url: https://api.pbpstats.com/get-game-logs/nba?Season=2001-02&SeasonType=Playoffs&EntityType=Player&EntityId=452
  player 135/186 467: 20 game-log rows
  player 136/186 468: 10 game-log rows
  player 137/186 469: 1 game-log rows
  player 138/186 56: API failed: 503 Server Error: Service Temporarily Unavailable for url: https://api.pbpstats.com/get-game-logs/nba?Season=2001-02&SeasonType=Playoffs&EntityType=Player&EntityId=56
  player 139/186 57: 16 game-log rows
  player 140/186 677: 16 game-log rows
  player 141/186 681: 7 game-log rows
  player 142/186 685: 5 game-log rows
  player 143/186 688: API failed: 503 Server Error: Service Temporarily Unavailable for url: https://api.pbpstats.com/get-game-logs/nba?Season=2001-02&SeasonType=Playoffs&EntityType=Player&EntityId=688
  player 144/186 690: 4 game-log rows
  player 145/186 692: 2 game-log rows
  player 146/186 693: 3 game-log rows
  player 147/186 699: API failed: 503 Server Error: Service Temporarily Unavailable for url: https://api.pbpstats.com/get-game-logs/nba?Season=2001-02&SeasonType=Playoffs&EntityType=Player&EntityId=699
  player 148/186 70: 3 game-log rows
  player 149/186 708: 3 game-log rows
  player 150/186 711: 10 game-log rows
  player 151/186 714: API failed: 503 Server Error: Service Temporarily Unavailable for url: https://api.pbpstats.com/get-game-logs/nba?Season=2001-02&SeasonType=Playoffs&EntityType=Player&EntityId=714
  player 152/186 718: 3 game-log rows
  player 153/186 72: 16 game-log rows
  player 154/186 722: 10 game-log rows
  player 155/186 727: API failed: 503 Server Error: Service Temporarily Unavailable for url: https://api.pbpstats.com/get-game-logs/nba?Season=2001-02&SeasonType=Playoffs&EntityType=Player&EntityId=727
  player 156/186 731: 4 game-log rows
  player 157/186 739: 3 game-log rows
  player 158/186 757: 3 game-log rows
  player 159/186 762: 7 game-log rows
  player 160/186 764: 4 game-log rows
  player 161/186 782: API failed: 503 Server Error: Service Temporarily Unavailable for url: https://api.pbpstats.com/get-game-logs/nba?Season=2001-02&SeasonType=Playoffs&EntityType=Player&EntityId=782
  player 162/186 87: 5 game-log rows
  player 163/186 89: 8 game-log rows
  player 164/186 905: 3 game-log rows
  player 165/186 915: API failed: 503 Server Error: Service Temporarily Unavailable for url: https://api.pbpstats.com/get-game-logs/nba?Season=2001-02&SeasonType=Playoffs&EntityType=Player&EntityId=915
  player 166/186 916: 5 game-log rows
  player 167/186 922: 9 game-log rows
  player 168/186 923: 4 game-log rows
  player 169/186 934: API failed: 503 Server Error: Service Temporarily Unavailable for url: https://api.pbpstats.com/get-game-logs/nba?Season=2001-02&SeasonType=Playoffs&EntityType=Player&EntityId=934
  player 170/186 935: 4 game-log rows
  player 171/186 937: 3 game-log rows
  player 172/186 947: 5 game-log rows
  player 173/186 95: API failed: 503 Server Error: Service Temporarily Unavailable for url: https://api.pbpstats.com/get-game-logs/nba?Season=2001-02&SeasonType=Playoffs&EntityType=Player&EntityId=95
  player 174/186 952: 16 game-log rows
  player 175/186 954: 20 game-log rows
  player 176/186 955: 19 game-log rows
  player 177/186 959: API failed: 503 Server Error: Service Temporarily Unavailable for url: https://api.pbpstats.com/get-game-logs/nba?Season=2001-02&SeasonType=Playoffs&EntityType=Player&EntityId=959
  player 178/186 960: 14 game-log rows
  player 179/186 962: 14 game-log rows
  player 180/186 965: 19 game-log rows
  player 181/186 966: API failed: 503 Server Error: Service Temporarily Unavailable for url: https://api.pbpstats.com/get-game-logs/nba?Season=2001-02&SeasonType=Playoffs&EntityType=Player&EntityId=966
  player 182/186 977: 19 game-log rows
  player 183/186 978: 10 game-log rows
  player 184/186 979: 5 game-log rows
  player 185/186 988: API failed: 503 Server Error: Service Temporarily Unavailable for url: https://api.pbpstats.com/get-game-logs/nba?Season=2001-02&SeasonType=Playoffs&EntityType=Player&EntityId=988
  player 186/186 990: 10 game-log rows
pbpstats.com API lookup keys for 2002: 3,834
  [1/71] gen_2002_20020420_CHH_ORL: matched 3/21 player rows
  [2/71] gen_2002_20020420_IND_NJN: matched 2/20 player rows
  [3/71] gen_2002_20020420_SAC_UTA: matched 2/18 player rows
  [4/71] gen_2002_20020420_SAS_SEA: no pbpstats.com API match
  [5/71] gen_2002_20020421_BOS_PHI: matched 3/19 player rows
  [6/71] gen_2002_20020421_DAL_MIN: matched 2/19 player rows
  [7/71] gen_2002_20020421_DET_TOR: matched 3/23 player rows
  [8/71] gen_2002_20020421_LAL_POR: matched 3/21 player rows
  [9/71] gen_2002_20020422_IND_NJN: matched 2/23 player rows
  [10/71] gen_2002_20020422_SAS_SEA: no pbpstats.com API match
  [11/71] gen_2002_20020423_CHH_ORL: matched 2/20 player rows
  [12/71] gen_2002_20020423_SAC_UTA: matched 2/19 player rows
  [13/71] gen_2002_20020424_DAL_MIN: matched 3/20 player rows
  [14/71] gen_2002_20020424_DET_TOR: matched 2/17 player rows
  [15/71] gen_2002_20020425_BOS_PHI: matched 3/16 player rows
  [16/71] gen_2002_20020425_LAL_POR: matched 3/20 player rows
  [17/71] gen_2002_20020426_IND_NJN: matched 2/19 player rows
  [18/71] gen_2002_20020427_CHH_ORL: matched 3/20 player rows
  [19/71] gen_2002_20020427_DET_TOR: matched 3/19 player rows
  [20/71] gen_2002_20020427_SAC_UTA: matched 2/18 player rows
  [21/71] gen_2002_20020427_SAS_SEA: no pbpstats.com API match
  [22/71] gen_2002_20020428_BOS_PHI: matched 3/21 player rows
  [23/71] gen_2002_20020428_DAL_MIN: matched 3/20 player rows
  [24/71] gen_2002_20020428_LAL_POR: matched 3/19 player rows
  [25/71] gen_2002_20020429_DET_TOR: matched 3/19 player rows
  [26/71] gen_2002_20020429_SAC_UTA: matched 2/18 player rows
  [27/71] gen_2002_20020430_CHH_ORL: matched 2/21 player rows
  [28/71] gen_2002_20020430_IND_NJN: matched 2/24 player rows
  [29/71] gen_2002_20020501_BOS_PHI: matched 3/18 player rows
  [30/71] gen_2002_20020501_SAS_SEA: no pbpstats.com API match
  [31/71] gen_2002_20020502_DET_TOR: matched 2/17 player rows
  [32/71] gen_2002_20020502_IND_NJN: matched 2/19 player rows
  [33/71] gen_2002_20020503_BOS_PHI: matched 3/22 player rows
  [34/71] gen_2002_20020503_SAS_SEA: no pbpstats.com API match
  [35/71] gen_2002_20020504_DAL_SAC: matched 3/22 player rows
  [36/71] gen_2002_20020505_BOS_DET: matched 5/16 player rows
  [37/71] gen_2002_20020505_CHH_NJN: matched 2/18 player rows
  [38/71] gen_2002_20020505_LAL_SAS: no pbpstats.com API match
  [39/71] gen_2002_20020506_DAL_SAC: matched 3/18 player rows
  [40/71] gen_2002_20020507_CHH_NJN: matched 2/21 player rows
  [41/71] gen_2002_20020507_LAL_SAS: no pbpstats.com API match
  [42/71] gen_2002_20020508_BOS_DET: matched 5/17 player rows
  [43/71] gen_2002_20020509_CHH_NJN: matched 2/23 player rows
  [44/71] gen_2002_20020509_DAL_SAC: matched 3/19 player rows
  [45/71] gen_2002_20020510_BOS_DET: matched 5/16 player rows
  [46/71] gen_2002_20020510_LAL_SAS: no pbpstats.com API match
  [47/71] gen_2002_20020511_DAL_SAC: matched 2/19 player rows
  [48/71] gen_2002_20020512_BOS_DET: matched 6/18 player rows
  [49/71] gen_2002_20020512_CHH_NJN: matched 2/18 player rows
  [50/71] gen_2002_20020512_LAL_SAS: no pbpstats.com API match
  [51/71] gen_2002_20020513_DAL_SAC: matched 2/18 player rows
  [52/71] gen_2002_20020514_BOS_DET: matched 4/16 player rows
  [53/71] gen_2002_20020514_LAL_SAS: no pbpstats.com API match
  [54/71] gen_2002_20020515_CHH_NJN: matched 2/19 player rows
  [55/71] gen_2002_20020518_LAL_SAC: no pbpstats.com API match
  [56/71] gen_2002_20020519_BOS_NJN: matched 3/19 player rows
  [57/71] gen_2002_20020520_LAL_SAC: no pbpstats.com API match
  [58/71] gen_2002_20020521_BOS_NJN: matched 4/20 player rows
  [59/71] gen_2002_20020524_LAL_SAC: no pbpstats.com API match
  [60/71] gen_2002_20020525_BOS_NJN: matched 4/18 player rows
  [61/71] gen_2002_20020526_LAL_SAC: no pbpstats.com API match
  [62/71] gen_2002_20020527_BOS_NJN: matched 4/17 player rows
  [63/71] gen_2002_20020528_LAL_SAC: matched 1/19 player rows
  [64/71] gen_2002_20020529_BOS_NJN: matched 4/21 player rows
  [65/71] gen_2002_20020531_BOS_NJN: matched 4/18 player rows
  [66/71] gen_2002_20020531_LAL_SAC: matched 1/19 player rows
  [67/71] gen_2002_20020602_LAL_SAC: matched 1/19 player rows
  [68/71] gen_2002_20020605_LAL_NJN: matched 1/20 player rows
  [69/71] gen_2002_20020607_LAL_NJN: matched 1/22 player rows
  [70/71] gen_2002_20020609_LAL_NJN: matched 1/20 player rows
  [71/71] gen_2002_20020612_LAL_NJN: matched 1/20 player rows
Wrote /workspaces/playoff-translation/data/player_game_adjts_ingredients.csv with 4,302 rows. Newly rebuilt rows: 151. Matched games: 57. Unmatched games: 14.
Applied verified pbpstats.com API AdjTS to data-package.json, data/data-package.json, and index.html.
==============================
REBUILDING 2003
STARTED Sun Jun 21 21:13:12 UTC 2026
==============================
Fetching pbpstats.com API game logs for playoff year 2003 (2002-03)...
  player 1/187 1005: 15 game-log rows
  player 2/187 1065: 5 game-log rows
  player 3/187 1088: 17 game-log rows
  player 4/187 109: 12 game-log rows
  player 5/187 1112: 17 game-log rows
  player 6/187 120: 9 game-log rows
  player 7/187 123: 4 game-log rows
  player 8/187 124: 12 game-log rows
  player 9/187 133: 6 game-log rows
  player 10/187 136: 6 game-log rows
  player 11/187 1425: 19 game-log rows
  player 12/187 1442: 4 game-log rows
  player 13/187 1444: 6 game-log rows
  player 14/187 1477: 24 game-log rows
  player 15/187 1495: 24 game-log rows
  player 16/187 1496: 12 game-log rows
  player 17/187 1497: 14 game-log rows
  player 18/187 1498: 6 game-log rows
  player 19/187 1499: 10 game-log rows
  player 20/187 1500: 6 game-log rows
  player 21/187 1501: 6 game-log rows
  player 22/187 1503: 7 game-log rows
  player 23/187 1505: 8 game-log rows
  player 24/187 1506: 4 game-log rows
  player 25/187 1507: 2 game-log rows
  player 26/187 1513: 8 game-log rows
  player 27/187 1517: 12 game-log rows
  player 28/187 1521: 7 game-log rows
  player 29/187 1531: 6 game-log rows
  player 30/187 1533: 17 game-log rows
  player 31/187 1536: 24 game-log rows
  player 32/187 1548: 10 game-log rows
  player 33/187 1559: 15 game-log rows
  player 34/187 1607: 6 game-log rows
  player 35/187 1710: 12 game-log rows
  player 36/187 1711: 20 game-log rows
  player 37/187 1714: 6 game-log rows
  player 38/187 1717: 17 game-log rows
  player 39/187 1718: 10 game-log rows
  player 40/187 1719: 7 game-log rows
  player 41/187 1721: 12 game-log rows
  player 42/187 1723: 5 game-log rows
  player 43/187 1725: 6 game-log rows
  player 44/187 1727: 7 game-log rows
  player 45/187 1730: 8 game-log rows
  player 46/187 1733: 6 game-log rows
  player 47/187 1739: 7 game-log rows
  player 48/187 1761: 10 game-log rows
  player 49/187 1802: 6 game-log rows
  player 50/187 185: 7 game-log rows
  player 51/187 1884: 5 game-log rows
  player 52/187 1886: 3 game-log rows
  player 53/187 1887: 6 game-log rows
  player 54/187 1888: 17 game-log rows
  player 55/187 1890: 6 game-log rows
  player 56/187 1897: 6 game-log rows
  player 57/187 1902: 6 game-log rows
  player 58/187 1903: 12 game-log rows
  player 59/187 1904: 11 game-log rows
  player 60/187 1905: 5 game-log rows
  player 61/187 1909: 4 game-log rows
  player 62/187 1915: 5 game-log rows
  player 63/187 1921: 7 game-log rows
  player 64/187 193: 6 game-log rows
  player 65/187 1938: 24 game-log rows
  player 66/187 1952: 17 game-log rows
  player 67/187 198: 16 game-log rows
  player 68/187 2030: 20 game-log rows
  player 69/187 2038: 4 game-log rows
  player 70/187 2040: 4 game-log rows
  player 71/187 2042: 5 game-log rows
  player 72/187 2045: 10 game-log rows
  player 73/187 2046: 6 game-log rows
  player 74/187 2048: 6 game-log rows
  player 75/187 2049: 24 game-log rows
  player 76/187 2052: 4 game-log rows
  player 77/187 2058: 12 game-log rows
  player 78/187 2059: 19 game-log rows
  player 79/187 2063: 6 game-log rows
  player 80/187 2072: 6 game-log rows
  player 81/187 208: 6 game-log rows
  player 82/187 2098: 9 game-log rows
  player 83/187 216: 12 game-log rows
  player 84/187 2207: 6 game-log rows
  player 85/187 2208: 3 game-log rows
  player 86/187 2210: 20 game-log rows
  player 87/187 2212: 7 game-log rows
  player 88/187 2215: 20 game-log rows
  player 89/187 2216: 7 game-log rows
  player 90/187 2219: 6 game-log rows
  player 91/187 2222: 7 game-log rows
  player 92/187 2224: 6 game-log rows
  player 93/187 2225: 24 game-log rows
  player 94/187 2243: 7 game-log rows
  player 95/187 2246: 17 game-log rows
  player 96/187 2254: 2 game-log rows
  player 97/187 2306: 3 game-log rows
  player 98/187 2366: 4 game-log rows
  player 99/187 238: 10 game-log rows
  player 100/187 2400: 7 game-log rows
  player 101/187 2405: 6 game-log rows
  player 102/187 2409: 2 game-log rows
  player 103/187 2416: 9 game-log rows
  player 104/187 2417: 4 game-log rows
  player 105/187 2418: 6 game-log rows
  player 106/187 2419: 15 game-log rows
  player 107/187 2422: 6 game-log rows
  player 108/187 243: 12 game-log rows
  player 109/187 2447: 6 game-log rows
  player 110/187 2452: 10 game-log rows
  player 111/187 2457: 11 game-log rows
  player 112/187 2469: 6 game-log rows
  player 113/187 248: 6 game-log rows
  player 114/187 252: 5 game-log rows
  player 115/187 278: 4 game-log rows
  player 116/187 281: 6 game-log rows
  player 117/187 296: 4 game-log rows
  player 118/187 3: 8 game-log rows
  player 119/187 304: 5 game-log rows
  player 120/187 324: 6 game-log rows
  player 121/187 330: 4 game-log rows
  player 122/187 339: 2 game-log rows
  player 123/187 349: 5 game-log rows
  player 124/187 353: 7 game-log rows
  player 125/187 358: 6 game-log rows
  player 126/187 361: 17 game-log rows
  player 127/187 383: 6 game-log rows
  player 128/187 384: 5 game-log rows
  player 129/187 389: 6 game-log rows
  player 130/187 393: 6 game-log rows
  player 131/187 397: 6 game-log rows
  player 132/187 406: 12 game-log rows
  player 133/187 42: 10 game-log rows
  player 134/187 43: 7 game-log rows
  player 135/187 431: 7 game-log rows
  player 136/187 446: 20 game-log rows
  player 137/187 448: 6 game-log rows
  player 138/187 467: 20 game-log rows
  player 139/187 468: 14 game-log rows
  player 140/187 469: 4 game-log rows
  player 141/187 56: 6 game-log rows
  player 142/187 57: 12 game-log rows
  player 143/187 677: 10 game-log rows
  player 144/187 680: 2 game-log rows
  player 145/187 688: 15 game-log rows
  player 146/187 692: 7 game-log rows
  player 147/187 693: 5 game-log rows
  player 148/187 70: 10 game-log rows
  player 149/187 708: 6 game-log rows
  player 150/187 714: 20 game-log rows
  player 151/187 717: 6 game-log rows
  player 152/187 718: 6 game-log rows
  player 153/187 72: 5 game-log rows
  player 154/187 722: 15 game-log rows
  player 155/187 727: 12 game-log rows
  player 156/187 731: 5 game-log rows
  player 157/187 739: 7 game-log rows
  player 158/187 754: 12 game-log rows
  player 159/187 757: 7 game-log rows
  player 160/187 762: 17 game-log rows
  player 161/187 763: 5 game-log rows
  player 162/187 764: 23 game-log rows
  player 163/187 788: 18 game-log rows
  player 164/187 87: 10 game-log rows
  player 165/187 89: 20 game-log rows
  player 166/187 896: 4 game-log rows
  player 167/187 902: 3 game-log rows
  player 168/187 905: 6 game-log rows
  player 169/187 911: 6 game-log rows
  player 170/187 915: 20 game-log rows
  player 171/187 934: 12 game-log rows
  player 172/187 937: 4 game-log rows
  player 173/187 947: 12 game-log rows
  player 174/187 95: 1 game-log rows
  player 175/187 950: 6 game-log rows
  player 176/187 952: 10 game-log rows
  player 177/187 954: 20 game-log rows
  player 178/187 955: 9 game-log rows
  player 179/187 959: 20 game-log rows
  player 180/187 960: 10 game-log rows
  player 181/187 962: 10 game-log rows
  player 182/187 965: 12 game-log rows
  player 183/187 976: 7 game-log rows
  player 184/187 977: 12 game-log rows
  player 185/187 978: 12 game-log rows
  player 186/187 979: 6 game-log rows
  player 187/187 990: 24 game-log rows
pbpstats.com API lookup keys for 2003: 5,295
  [1/88] gen_2003_20030419_BOS_IND: matched 22/22 player rows
  [2/88] gen_2003_20030419_DAL_POR: matched 19/19 player rows
  [3/88] gen_2003_20030419_MIL_NJN: matched 21/21 player rows
  [4/88] gen_2003_20030419_PHX_SAS: matched 19/19 player rows
  [5/88] gen_2003_20030419_SAC_UTA: matched 19/19 player rows
  [6/88] gen_2003_20030420_DET_ORL: matched 20/20 player rows
  [7/88] gen_2003_20030420_LAL_MIN: matched 22/22 player rows
  [8/88] gen_2003_20030420_NOH_PHI: matched 20/20 player rows
  [9/88] gen_2003_20030421_BOS_IND: matched 19/19 player rows
  [10/88] gen_2003_20030421_PHX_SAS: matched 17/17 player rows
  [11/88] gen_2003_20030421_SAC_UTA: matched 22/22 player rows
  [12/88] gen_2003_20030422_LAL_MIN: matched 23/23 player rows
  [13/88] gen_2003_20030422_MIL_NJN: matched 18/18 player rows
  [14/88] gen_2003_20030423_DAL_POR: matched 18/18 player rows
  [15/88] gen_2003_20030423_DET_ORL: matched 23/23 player rows
  [16/88] gen_2003_20030423_NOH_PHI: matched 18/18 player rows
  [17/88] gen_2003_20030424_BOS_IND: matched 23/23 player rows
  [18/88] gen_2003_20030424_LAL_MIN: matched 19/19 player rows
  [19/88] gen_2003_20030424_MIL_NJN: matched 19/19 player rows
  [20/88] gen_2003_20030425_DAL_POR: matched 18/18 player rows
  [21/88] gen_2003_20030425_DET_ORL: matched 22/22 player rows
  [22/88] gen_2003_20030425_PHX_SAS: matched 20/20 player rows
  [23/88] gen_2003_20030426_MIL_NJN: matched 18/18 player rows
  [24/88] gen_2003_20030426_NOH_PHI: matched 22/22 player rows
  [25/88] gen_2003_20030426_SAC_UTA: matched 18/18 player rows
  [26/88] gen_2003_20030427_BOS_IND: matched 18/18 player rows
  [27/88] gen_2003_20030427_DAL_POR: matched 21/21 player rows
  [28/88] gen_2003_20030427_DET_ORL: matched 21/21 player rows
  [29/88] gen_2003_20030427_LAL_MIN: matched 20/20 player rows
  [30/88] gen_2003_20030427_PHX_SAS: matched 20/20 player rows
  [31/88] gen_2003_20030428_NOH_PHI: matched 20/20 player rows
  [32/88] gen_2003_20030428_SAC_UTA: matched 23/23 player rows
  [33/88] gen_2003_20030429_BOS_IND: matched 18/18 player rows
  [34/88] gen_2003_20030429_LAL_MIN: matched 23/23 player rows
  [35/88] gen_2003_20030429_MIL_NJN: matched 17/17 player rows
  [36/88] gen_2003_20030429_PHX_SAS: matched 18/18 player rows
  [37/88] gen_2003_20030430_DAL_POR: matched 17/17 player rows
  [38/88] gen_2003_20030430_DET_ORL: matched 22/22 player rows
  [39/88] gen_2003_20030430_NOH_PHI: matched 19/19 player rows
  [40/88] gen_2003_20030430_SAC_UTA: matched 24/24 player rows
  [41/88] gen_2003_20030501_BOS_IND: matched 21/21 player rows
  [42/88] gen_2003_20030501_LAL_MIN: matched 22/22 player rows
  [43/88] gen_2003_20030501_MIL_NJN: matched 20/20 player rows
  [44/88] gen_2003_20030501_PHX_SAS: matched 19/19 player rows
  [45/88] gen_2003_20030502_DAL_POR: matched 23/23 player rows
  [46/88] gen_2003_20030502_DET_ORL: matched 22/22 player rows
  [47/88] gen_2003_20030502_NOH_PHI: matched 20/20 player rows
  [48/88] gen_2003_20030504_DAL_POR: matched 19/19 player rows
  [49/88] gen_2003_20030504_DET_ORL: matched 22/22 player rows
  [50/88] gen_2003_20030505_BOS_NJN: matched 18/18 player rows
  [51/88] gen_2003_20030505_LAL_SAS: matched 18/18 player rows
  [52/88] gen_2003_20030506_DAL_SAC: matched 23/23 player rows
  [53/88] gen_2003_20030506_DET_PHI: matched 21/21 player rows
  [54/88] gen_2003_20030507_BOS_NJN: matched 17/17 player rows
  [55/88] gen_2003_20030507_LAL_SAS: matched 22/22 player rows
  [56/88] gen_2003_20030508_DAL_SAC: matched 24/24 player rows
  [57/88] gen_2003_20030508_DET_PHI: matched 18/18 player rows
  [58/88] gen_2003_20030509_BOS_NJN: matched 23/23 player rows
  [59/88] gen_2003_20030509_LAL_SAS: matched 23/23 player rows
  [60/88] gen_2003_20030510_DAL_SAC: matched 19/19 player rows
  [61/88] gen_2003_20030510_DET_PHI: matched 22/22 player rows
  [62/88] gen_2003_20030511_DAL_SAC: matched 20/20 player rows
  [63/88] gen_2003_20030511_DET_PHI: matched 20/20 player rows
  [64/88] gen_2003_20030511_LAL_SAS: matched 21/21 player rows
  [65/88] gen_2003_20030512_BOS_NJN: matched 19/19 player rows
  [66/88] gen_2003_20030513_DAL_SAC: matched 21/21 player rows
  [67/88] gen_2003_20030513_LAL_SAS: matched 18/18 player rows
  [68/88] gen_2003_20030514_DET_PHI: matched 18/18 player rows
  [69/88] gen_2003_20030515_DAL_SAC: matched 17/17 player rows
  [70/88] gen_2003_20030515_LAL_SAS: matched 23/23 player rows
  [71/88] gen_2003_20030516_DET_PHI: matched 18/18 player rows
  [72/88] gen_2003_20030517_DAL_SAC: matched 17/17 player rows
  [73/88] gen_2003_20030518_DET_NJN: matched 18/18 player rows
  [74/88] gen_2003_20030519_DAL_SAS: matched 20/20 player rows
  [75/88] gen_2003_20030520_DET_NJN: matched 19/19 player rows
  [76/88] gen_2003_20030521_DAL_SAS: matched 19/19 player rows
  [77/88] gen_2003_20030522_DET_NJN: matched 20/20 player rows
  [78/88] gen_2003_20030523_DAL_SAS: matched 23/23 player rows
  [79/88] gen_2003_20030524_DET_NJN: matched 21/21 player rows
  [80/88] gen_2003_20030525_DAL_SAS: matched 17/17 player rows
  [81/88] gen_2003_20030527_DAL_SAS: matched 18/18 player rows
  [82/88] gen_2003_20030529_DAL_SAS: matched 21/21 player rows
  [83/88] gen_2003_20030604_NJN_SAS: matched 19/19 player rows
  [84/88] gen_2003_20030606_NJN_SAS: matched 19/19 player rows
  [85/88] gen_2003_20030608_NJN_SAS: matched 19/19 player rows
  [86/88] gen_2003_20030611_NJN_SAS: matched 21/21 player rows
  [87/88] gen_2003_20030613_NJN_SAS: matched 19/19 player rows
  [88/88] gen_2003_20030615_NJN_SAS: matched 24/24 player rows
Wrote /workspaces/playoff-translation/data/player_game_adjts_ingredients.csv with 6,148 rows. Newly rebuilt rows: 1,765. Matched games: 88. Unmatched games: 0.
Applied verified pbpstats.com API AdjTS to data-package.json, data/data-package.json, and index.html.
FINISHED 2003 at Sun Jun 21 21:25:52 UTC 2026

==============================
REBUILDING 2004
STARTED Sun Jun 21 21:25:52 UTC 2026
==============================
Fetching pbpstats.com API game logs for playoff year 2004 (2003-04)...
  player 1/189 1000: 4 game-log rows
  player 2/189 1032: 22 game-log rows
  player 3/189 1065: 3 game-log rows
  player 4/189 1088: 4 game-log rows
  player 5/189 109: 10 game-log rows
  player 6/189 1112: 23 game-log rows
  player 7/189 120: 5 game-log rows
  player 8/189 124: 12 game-log rows
  player 9/189 133: 7 game-log rows
  player 10/189 136: 7 game-log rows
  player 11/189 1425: 11 game-log rows
  player 12/189 1477: 10 game-log rows
  player 13/189 1495: 10 game-log rows
  player 14/189 1496: 5 game-log rows
  player 15/189 1497: 23 game-log rows
  player 16/189 15: 1 game-log rows
  player 17/189 1501: 1 game-log rows
  player 18/189 1506: 13 game-log rows
  player 19/189 1508: 5 game-log rows
  player 20/189 1509: 5 game-log rows
  player 21/189 1510: 5 game-log rows
  player 22/189 1513: 3 game-log rows
  player 23/189 1533: 16 game-log rows
  player 24/189 1548: 4 game-log rows
  player 25/189 1565: 1 game-log rows
  player 26/189 1628455: 1 game-log rows
  player 27/189 1709: 15 game-log rows
  player 28/189 1710: 12 game-log rows
  player 29/189 1712: 5 game-log rows
  player 30/189 1714: 4 game-log rows
  player 31/189 1715: 4 game-log rows
  player 32/189 1717: 5 game-log rows
  player 33/189 1718: 4 game-log rows
  player 34/189 1719: 4 game-log rows
  player 35/189 1720: 5 game-log rows
  player 36/189 1725: 10 game-log rows
  player 37/189 1729: 4 game-log rows
  player 38/189 1730: 5 game-log rows
  player 39/189 1733: 16 game-log rows
  player 40/189 1737: 4 game-log rows
  player 41/189 1742: 3 game-log rows
  player 42/189 1747: 13 game-log rows
  player 43/189 1749: 5 game-log rows
  player 44/189 1763: 4 game-log rows
  player 45/189 1800: 5 game-log rows
  player 46/189 1802: 12 game-log rows
  player 47/189 185: 12 game-log rows
  player 48/189 1863: 5 game-log rows
  player 49/189 1883: 5 game-log rows
  player 50/189 1884: 7 game-log rows
  player 51/189 1885: 13 game-log rows
  player 52/189 1886: 16 game-log rows
  player 53/189 1887: 12 game-log rows
  player 54/189 1888: 23 game-log rows
  player 55/189 1889: 5 game-log rows
  player 56/189 1897: 15 game-log rows
  player 57/189 1899: 4 game-log rows
  player 58/189 1902: 16 game-log rows
  player 59/189 1904: 22 game-log rows
  player 60/189 1908: 2 game-log rows
  player 61/189 1909: 4 game-log rows
  player 62/189 1917: 3 game-log rows
  player 63/189 1922: 4 game-log rows
  player 64/189 1934: 5 game-log rows
  player 65/189 1938: 10 game-log rows
  player 66/189 2030: 11 game-log rows
  player 67/189 2031: 4 game-log rows
  player 68/189 2034: 4 game-log rows
  player 69/189 2035: 3 game-log rows
  player 70/189 2036: 4 game-log rows
  player 71/189 2045: 10 game-log rows
  player 72/189 2046: 5 game-log rows
  player 73/189 2048: 7 game-log rows
  player 74/189 2054: 1 game-log rows
  player 75/189 2058: 17 game-log rows
  player 76/189 2059: 5 game-log rows
  player 77/189 2072: 5 game-log rows
  player 78/189 2074: 4 game-log rows
  player 79/189 2078: 7 game-log rows
  player 80/189 208: 16 game-log rows
  player 81/189 2091: 1 game-log rows
  player 82/189 2098: 21 game-log rows
  player 83/189 2124: 10 game-log rows
  player 84/189 2200: 4 game-log rows
  player 85/189 2203: 4 game-log rows
  player 86/189 2206: 4 game-log rows
  player 87/189 221: 2 game-log rows
  player 88/189 2210: 11 game-log rows
  player 89/189 2215: 11 game-log rows
  player 90/189 2220: 8 game-log rows
  player 91/189 2222: 3 game-log rows
  player 92/189 2224: 16 game-log rows
  player 93/189 2225: 10 game-log rows
  player 94/189 2239: 18 game-log rows
  player 95/189 224: 13 game-log rows
  player 96/189 2243: 9 game-log rows
  player 97/189 2246: 22 game-log rows
  player 98/189 2248: 4 game-log rows
  player 99/189 2254: 1 game-log rows
  player 100/189 2365: 5 game-log rows
  player 101/189 2366: 2 game-log rows
  player 102/189 239: 16 game-log rows
  player 103/189 2397: 5 game-log rows
  player 104/189 2403: 5 game-log rows
  player 105/189 2406: 13 game-log rows
  player 106/189 2409: 1 game-log rows
  player 107/189 2410: 14 game-log rows
  player 108/189 2411: 5 game-log rows
  player 109/189 2412: 4 game-log rows
  player 110/189 2415: 3 game-log rows
  player 111/189 2416: 22 game-log rows
  player 112/189 2419: 23 game-log rows
  player 113/189 2421: 4 game-log rows
  player 114/189 2429: 1 game-log rows
  player 115/189 2443: 7 game-log rows
  player 116/189 2446: 10 game-log rows
  player 117/189 2447: 6 game-log rows
  player 118/189 2466: 1 game-log rows
  player 119/189 248: 7 game-log rows
  player 120/189 2484: 9 game-log rows
  player 121/189 252: 21 game-log rows
  player 122/189 2545: 8 game-log rows
  player 123/189 2546: 4 game-log rows
  player 124/189 2548: 13 game-log rows
  player 125/189 2552: 4 game-log rows
  player 126/189 2556: 4 game-log rows
  player 127/189 2561: 7 game-log rows
  player 128/189 2565: 6 game-log rows
  player 129/189 2567: 13 game-log rows
  player 130/189 2572: 5 game-log rows
  player 131/189 2575: 17 game-log rows
  player 132/189 258: 13 game-log rows
  player 133/189 2599: 3 game-log rows
  player 134/189 2605: 5 game-log rows
  player 135/189 2617: 13 game-log rows
  player 136/189 278: 7 game-log rows
  player 137/189 281: 3 game-log rows
  player 138/189 283: 23 game-log rows
  player 139/189 296: 16 game-log rows
  player 140/189 324: 11 game-log rows
  player 141/189 344: 1 game-log rows
  player 142/189 349: 5 game-log rows
  player 143/189 353: 7 game-log rows
  player 144/189 358: 4 game-log rows
  player 145/189 369: 5 game-log rows
  player 146/189 389: 5 game-log rows
  player 147/189 397: 16 game-log rows
  player 148/189 406: 22 game-log rows
  player 149/189 446: 11 game-log rows
  player 150/189 448: 4 game-log rows
  player 151/189 452: 4 game-log rows
  player 152/189 467: 11 game-log rows
  player 153/189 468: 5 game-log rows
  player 154/189 56: 22 game-log rows
  player 155/189 57: 12 game-log rows
  player 156/189 693: 5 game-log rows
  player 157/189 697: 18 game-log rows
  player 158/189 702: 5 game-log rows
  player 159/189 703: 4 game-log rows
  player 160/189 708: 18 game-log rows
  player 161/189 714: 5 game-log rows
  player 162/189 718: 13 game-log rows
  player 163/189 72: 4 game-log rows
  player 164/189 722: 22 game-log rows
  player 165/189 739: 23 game-log rows
  player 166/189 754: 5 game-log rows
  player 167/189 762: 2 game-log rows
  player 168/189 788: 7 game-log rows
  player 169/189 84: 18 game-log rows
  player 170/189 87: 3 game-log rows
  player 171/189 911: 18 game-log rows
  player 172/189 915: 11 game-log rows
  player 173/189 922: 14 game-log rows
  player 174/189 932: 8 game-log rows
  player 175/189 935: 6 game-log rows
  player 176/189 948: 5 game-log rows
  player 177/189 950: 4 game-log rows
  player 178/189 952: 5 game-log rows
  player 179/189 953: 4 game-log rows
  player 180/189 954: 11 game-log rows
  player 181/189 955: 4 game-log rows
  player 182/189 959: 5 game-log rows
  player 183/189 960: 1 game-log rows
  player 184/189 962: 4 game-log rows
  player 185/189 965: 22 game-log rows
  player 186/189 977: 22 game-log rows
  player 187/189 978: 12 game-log rows
  player 188/189 979: 16 game-log rows
  player 189/189 990: 7 game-log rows
pbpstats.com API lookup keys for 2004: 4,893
  [1/82] gen_2004_20040417_BOS_IND: matched 20/20 player rows
  [2/82] gen_2004_20040417_HOU_LAL: matched 20/20 player rows
  [3/82] gen_2004_20040417_MEM_SAS: matched 23/23 player rows
  [4/82] gen_2004_20040417_NJN_NYK: matched 23/23 player rows
  [5/82] gen_2004_20040418_DAL_SAC: matched 20/20 player rows
  [6/82] gen_2004_20040418_DEN_MIN: matched 24/24 player rows
  [7/82] gen_2004_20040418_DET_MIL: matched 23/24 player rows
  [8/82] gen_2004_20040418_MIA_NOH: matched 21/21 player rows
  [9/82] gen_2004_20040419_HOU_LAL: matched 23/23 player rows
  [10/82] gen_2004_20040419_MEM_SAS: matched 23/23 player rows
  [11/82] gen_2004_20040420_BOS_IND: matched 19/19 player rows
  [12/82] gen_2004_20040420_DAL_SAC: matched 17/17 player rows
  [13/82] gen_2004_20040420_NJN_NYK: matched 22/22 player rows
  [14/82] gen_2004_20040421_DEN_MIN: matched 24/24 player rows
  [15/82] gen_2004_20040421_DET_MIL: matched 18/19 player rows
  [16/82] gen_2004_20040421_MIA_NOH: matched 24/24 player rows
  [17/82] gen_2004_20040422_MEM_SAS: matched 20/20 player rows
  [18/82] gen_2004_20040422_NJN_NYK: matched 18/18 player rows
  [19/82] gen_2004_20040423_BOS_IND: matched 22/22 player rows
  [20/82] gen_2004_20040423_HOU_LAL: matched 18/18 player rows
  [21/82] gen_2004_20040424_DAL_SAC: matched 20/20 player rows
  [22/82] gen_2004_20040424_DEN_MIN: matched 24/24 player rows
  [23/82] gen_2004_20040424_DET_MIL: matched 17/18 player rows
  [24/82] gen_2004_20040424_MIA_NOH: matched 16/16 player rows
  [25/82] gen_2004_20040425_BOS_IND: matched 18/18 player rows
  [26/82] gen_2004_20040425_HOU_LAL: matched 20/20 player rows
  [27/82] gen_2004_20040425_MEM_SAS: matched 23/23 player rows
  [28/82] gen_2004_20040425_NJN_NYK: matched 19/19 player rows
  [29/82] gen_2004_20040426_DAL_SAC: matched 17/17 player rows
  [30/82] gen_2004_20040426_DET_MIL: matched 18/19 player rows
  [31/82] gen_2004_20040427_DEN_MIN: matched 20/20 player rows
  [32/82] gen_2004_20040427_MIA_NOH: matched 18/18 player rows
  [33/82] gen_2004_20040428_HOU_LAL: matched 22/22 player rows
  [34/82] gen_2004_20040429_DAL_SAC: matched 17/17 player rows
  [35/82] gen_2004_20040429_DET_MIL: matched 17/18 player rows
  [36/82] gen_2004_20040430_DEN_MIN: matched 19/20 player rows
  [37/82] gen_2004_20040430_MIA_NOH: matched 19/19 player rows
  [38/82] gen_2004_20040502_LAL_SAS: matched 19/19 player rows
  [39/82] gen_2004_20040502_MIA_NOH: matched 18/18 player rows
  [40/82] gen_2004_20040503_DET_NJN: matched 23/24 player rows
  [41/82] gen_2004_20040504_MIA_NOH: matched 19/19 player rows
  [42/82] gen_2004_20040504_MIN_SAC: matched 16/16 player rows
  [43/82] gen_2004_20040505_LAL_SAS: matched 20/20 player rows
  [44/82] gen_2004_20040506_IND_MIA: matched 19/19 player rows
  [45/82] gen_2004_20040507_DET_NJN: matched 18/19 player rows
  [46/82] gen_2004_20040508_IND_MIA: matched 21/21 player rows
  [47/82] gen_2004_20040508_MIN_SAC: matched 16/16 player rows
  [48/82] gen_2004_20040509_DET_NJN: matched 22/23 player rows
  [49/82] gen_2004_20040509_LAL_SAS: matched 24/24 player rows
  [50/82] gen_2004_20040510_IND_MIA: matched 18/18 player rows
  [51/82] gen_2004_20040510_MIN_SAC: matched 18/18 player rows
  [52/82] gen_2004_20040511_DET_NJN: matched 23/24 player rows
  [53/82] gen_2004_20040511_LAL_SAS: matched 17/17 player rows
  [54/82] gen_2004_20040512_IND_MIA: matched 18/18 player rows
  [55/82] gen_2004_20040512_MIN_SAC: matched 17/17 player rows
  [56/82] gen_2004_20040513_LAL_SAS: matched 17/17 player rows
  [57/82] gen_2004_20040514_DET_NJN: matched 18/19 player rows
  [58/82] gen_2004_20040514_MIN_SAC: matched 21/21 player rows
  [59/82] gen_2004_20040515_IND_MIA: matched 18/18 player rows
  [60/82] gen_2004_20040515_LAL_SAS: matched 20/20 player rows
  [61/82] gen_2004_20040516_DET_NJN: matched 18/19 player rows
  [62/82] gen_2004_20040516_MIN_SAC: matched 19/19 player rows
  [63/82] gen_2004_20040518_IND_MIA: matched 18/18 player rows
  [64/82] gen_2004_20040519_MIN_SAC: matched 17/17 player rows
  [65/82] gen_2004_20040520_DET_NJN: matched 22/23 player rows
  [66/82] gen_2004_20040521_LAL_MIN: matched 21/21 player rows
  [67/82] gen_2004_20040522_DET_IND: matched 20/21 player rows
  [68/82] gen_2004_20040523_LAL_MIN: matched 23/23 player rows
  [69/82] gen_2004_20040524_DET_IND: matched 20/21 player rows
  [70/82] gen_2004_20040525_LAL_MIN: matched 23/23 player rows
  [71/82] gen_2004_20040526_DET_IND: matched 19/20 player rows
  [72/82] gen_2004_20040527_LAL_MIN: matched 21/21 player rows
  [73/82] gen_2004_20040528_DET_IND: matched 21/22 player rows
  [74/82] gen_2004_20040529_LAL_MIN: matched 20/20 player rows
  [75/82] gen_2004_20040530_DET_IND: matched 20/21 player rows
  [76/82] gen_2004_20040531_LAL_MIN: matched 20/20 player rows
  [77/82] gen_2004_20040601_DET_IND: matched 20/20 player rows
  [78/82] gen_2004_20040606_DET_LAL: matched 19/20 player rows
  [79/82] gen_2004_20040608_DET_LAL: matched 19/20 player rows
  [80/82] gen_2004_20040610_DET_LAL: matched 22/23 player rows
  [81/82] gen_2004_20040613_DET_LAL: matched 21/22 player rows
  [82/82] gen_2004_20040615_DET_LAL: matched 22/23 player rows
Wrote /workspaces/playoff-translation/data/player_game_adjts_ingredients.csv with 7,779 rows. Newly rebuilt rows: 1,631. Matched games: 82. Unmatched games: 0.
Applied verified pbpstats.com API AdjTS to data-package.json, data/data-package.json, and index.html.
FINISHED 2004 at Sun Jun 21 21:38:41 UTC 2026

==============================
REBUILDING 2005
STARTED Sun Jun 21 21:38:41 UTC 2026
==============================
Fetching pbpstats.com API game logs for playoff year 2005 (2004-05)...
  player 1/188 1000: 8 game-log rows
  player 2/188 1032: 13 game-log rows
  player 3/188 109: 23 game-log rows
  player 4/188 1112: 25 game-log rows
  player 5/188 120: 3 game-log rows
  player 6/188 133: 7 game-log rows
  player 7/188 1444: 5 game-log rows
  player 8/188 1477: 23 game-log rows
  player 9/188 1495: 23 game-log rows
  player 10/188 1496: 3 game-log rows
  player 11/188 1497: 25 game-log rows
  player 12/188 1498: 11 game-log rows
  player 13/188 15: 5 game-log rows
  player 14/188 1503: 7 game-log rows
  player 15/188 1504: 11 game-log rows
  player 16/188 1506: 10 game-log rows
  player 17/188 1513: 9 game-log rows
  player 18/188 1517: 5 game-log rows
  player 19/188 1531: 5 game-log rows
  player 20/188 1533: 13 game-log rows
  player 21/188 1536: 13 game-log rows
  player 22/188 1548: 4 game-log rows
  player 23/188 1559: 5 game-log rows
  player 24/188 1628455: 1 game-log rows
  player 25/188 1710: 5 game-log rows
  player 26/188 1711: 7 game-log rows
  player 27/188 1712: 10 game-log rows
  player 28/188 1713: 4 game-log rows
  player 29/188 1715: 4 game-log rows
  player 30/188 1716: 10 game-log rows
  player 31/188 1717: 13 game-log rows
  player 32/188 1718: 7 game-log rows
  player 33/188 1719: 2 game-log rows
  player 34/188 1720: 9 game-log rows
  player 35/188 1725: 15 game-log rows
  player 36/188 1729: 7 game-log rows
  player 37/188 1730: 4 game-log rows
  player 38/188 1737: 23 game-log rows
  player 39/188 1740: 8 game-log rows
  player 40/188 1744: 11 game-log rows
  player 41/188 1749: 5 game-log rows
  player 42/188 1761: 5 game-log rows
  player 43/188 1763: 7 game-log rows
  player 44/188 1800: 15 game-log rows
  player 45/188 1802: 5 game-log rows
  player 46/188 185: 5 game-log rows
  player 47/188 1863: 5 game-log rows
  player 48/188 1888: 25 game-log rows
  player 49/188 1889: 5 game-log rows
  player 50/188 1890: 15 game-log rows
  player 51/188 1891: 13 game-log rows
  player 52/188 1899: 4 game-log rows
  player 53/188 1902: 13 game-log rows
  player 54/188 1903: 5 game-log rows
  player 55/188 1909: 7 game-log rows
  player 56/188 1913: 9 game-log rows
  player 57/188 1919: 3 game-log rows
  player 58/188 1922: 1 game-log rows
  player 59/188 1934: 3 game-log rows
  player 60/188 1938: 23 game-log rows
  player 61/188 2030: 5 game-log rows
  player 62/188 2031: 3 game-log rows
  player 63/188 2034: 4 game-log rows
  player 64/188 2035: 4 game-log rows
  player 65/188 2039: 15 game-log rows
  player 66/188 2041: 8 game-log rows
  player 67/188 2047: 15 game-log rows
  player 68/188 2059: 2 game-log rows
  player 69/188 2067: 3 game-log rows
  player 70/188 2073: 4 game-log rows
  player 71/188 2074: 3 game-log rows
  player 72/188 2109: 7 game-log rows
  player 73/188 213: 6 game-log rows
  player 74/188 2198: 3 game-log rows
  player 75/188 2199: 6 game-log rows
  player 76/188 2200: 4 game-log rows
  player 77/188 2203: 4 game-log rows
  player 78/188 2207: 9 game-log rows
  player 79/188 2209: 6 game-log rows
  player 80/188 221: 1 game-log rows
  player 81/188 2210: 4 game-log rows
  player 82/188 2212: 15 game-log rows
  player 83/188 2215: 4 game-log rows
  player 84/188 2217: 10 game-log rows
  player 85/188 2223: 5 game-log rows
  player 86/188 2224: 9 game-log rows
  player 87/188 2225: 23 game-log rows
  player 88/188 2230: 3 game-log rows
  player 89/188 224: 15 game-log rows
  player 90/188 2240: 10 game-log rows
  player 91/188 2243: 4 game-log rows
  player 92/188 2248: 4 game-log rows
  player 93/188 2306: 19 game-log rows
  player 94/188 2397: 7 game-log rows
  player 95/188 2403: 5 game-log rows
  player 96/188 2405: 15 game-log rows
  player 97/188 2407: 10 game-log rows
  player 98/188 2410: 13 game-log rows
  player 99/188 2413: 10 game-log rows
  player 100/188 2419: 25 game-log rows
  player 101/188 2420: 4 game-log rows
  player 102/188 2422: 2 game-log rows
  player 103/188 243: 5 game-log rows
  player 104/188 2436: 4 game-log rows
  player 105/188 2443: 5 game-log rows
  player 106/188 2446: 12 game-log rows
  player 107/188 2457: 5 game-log rows
  player 108/188 2484: 12 game-log rows
  player 109/188 2501: 11 game-log rows
  player 110/188 2545: 9 game-log rows
  player 111/188 2546: 5 game-log rows
  player 112/188 2548: 14 game-log rows
  player 113/188 2550: 6 game-log rows
  player 114/188 2555: 11 game-log rows
  player 115/188 2556: 7 game-log rows
  player 116/188 2557: 11 game-log rows
  player 117/188 2563: 3 game-log rows
  player 118/188 2565: 3 game-log rows
  player 119/188 2570: 6 game-log rows
  player 120/188 2571: 12 game-log rows
  player 121/188 2572: 13 game-log rows
  player 122/188 2581: 4 game-log rows
  player 123/188 2584: 5 game-log rows
  player 124/188 2592: 13 game-log rows
  player 125/188 2594: 5 game-log rows
  player 126/188 2605: 11 game-log rows
  player 127/188 2617: 15 game-log rows
  player 128/188 2648: 14 game-log rows
  player 129/188 2668: 2 game-log rows
  player 130/188 2732: 6 game-log rows
  player 131/188 2734: 9 game-log rows
  player 132/188 2738: 5 game-log rows
  player 133/188 2744: 7 game-log rows
  player 134/188 2753: 7 game-log rows
  player 135/188 2754: 7 game-log rows
  player 136/188 2757: 21 game-log rows
  player 137/188 2766: 1 game-log rows
  player 138/188 2768: 6 game-log rows
  player 139/188 2770: 5 game-log rows
  player 140/188 2804: 6 game-log rows
  player 141/188 283: 25 game-log rows
  player 142/188 2863: 7 game-log rows
  player 143/188 2873: 2 game-log rows
  player 144/188 2876: 3 game-log rows
  player 145/188 297: 15 game-log rows
  player 146/188 299: 13 game-log rows
  player 147/188 324: 7 game-log rows
  player 148/188 353: 9 game-log rows
  player 149/188 361: 4 game-log rows
  player 150/188 363: 13 game-log rows
  player 151/188 397: 13 game-log rows
  player 152/188 406: 13 game-log rows
  player 153/188 445: 4 game-log rows
  player 154/188 448: 1 game-log rows
  player 155/188 467: 4 game-log rows
  player 156/188 468: 7 game-log rows
  player 157/188 56: 7 game-log rows
  player 158/188 673: 9 game-log rows
  player 159/188 682: 7 game-log rows
  player 160/188 686: 25 game-log rows
  player 161/188 696: 4 game-log rows
  player 162/188 699: 23 game-log rows
  player 163/188 711: 13 game-log rows
  player 164/188 714: 13 game-log rows
  player 165/188 722: 5 game-log rows
  player 166/188 731: 2 game-log rows
  player 167/188 739: 25 game-log rows
  player 168/188 754: 15 game-log rows
  player 169/188 762: 7 game-log rows
  player 170/188 763: 9 game-log rows
  player 171/188 87: 7 game-log rows
  player 172/188 905: 13 game-log rows
  player 173/188 915: 4 game-log rows
  player 174/188 922: 10 game-log rows
  player 175/188 935: 3 game-log rows
  player 176/188 947: 5 game-log rows
  player 177/188 948: 5 game-log rows
  player 178/188 951: 11 game-log rows
  player 179/188 952: 6 game-log rows
  player 180/188 953: 4 game-log rows
  player 181/188 956: 13 game-log rows
  player 182/188 958: 5 game-log rows
  player 183/188 959: 15 game-log rows
  player 184/188 962: 8 game-log rows
  player 185/188 970: 6 game-log rows
  player 186/188 978: 5 game-log rows
  player 187/188 979: 13 game-log rows
  player 188/188 983: 2 game-log rows
pbpstats.com API lookup keys for 2005: 4,914
  [1/84] gen_2005_20050423_BOS_IND: matched 23/23 player rows
  [2/84] gen_2005_20050423_DAL_HOU: matched 17/18 player rows
  [3/84] gen_2005_20050423_DET_PHI: matched 22/22 player rows
  [4/84] gen_2005_20050423_SAC_SEA: matched 21/21 player rows
  [5/84] gen_2005_20050424_CHI_WAS: matched 19/19 player rows
  [6/84] gen_2005_20050424_DEN_SAS: matched 19/19 player rows
  [7/84] gen_2005_20050424_MEM_PHX: matched 19/19 player rows
  [8/84] gen_2005_20050424_MIA_NJN: matched 22/22 player rows
  [9/84] gen_2005_20050425_BOS_IND: matched 20/20 player rows
  [10/84] gen_2005_20050425_DAL_HOU: matched 20/21 player rows
  [11/84] gen_2005_20050426_DET_PHI: matched 21/21 player rows
  [12/84] gen_2005_20050426_MIA_NJN: matched 22/22 player rows
  [13/84] gen_2005_20050426_SAC_SEA: matched 22/22 player rows
  [14/84] gen_2005_20050427_CHI_WAS: matched 21/21 player rows
  [15/84] gen_2005_20050427_DEN_SAS: matched 24/24 player rows
  [16/84] gen_2005_20050427_MEM_PHX: matched 17/17 player rows
  [17/84] gen_2005_20050428_BOS_IND: matched 23/23 player rows
  [18/84] gen_2005_20050428_DAL_HOU: matched 19/20 player rows
  [19/84] gen_2005_20050428_MIA_NJN: matched 18/18 player rows
  [20/84] gen_2005_20050429_DET_PHI: matched 18/18 player rows
  [21/84] gen_2005_20050429_MEM_PHX: matched 20/20 player rows
  [22/84] gen_2005_20050429_SAC_SEA: matched 19/19 player rows
  [23/84] gen_2005_20050430_BOS_IND: matched 22/22 player rows
  [24/84] gen_2005_20050430_CHI_WAS: matched 23/23 player rows
  [25/84] gen_2005_20050430_DAL_HOU: matched 17/18 player rows
  [26/84] gen_2005_20050430_DEN_SAS: matched 18/18 player rows
  [27/84] gen_2005_20050501_DET_PHI: matched 18/18 player rows
  [28/84] gen_2005_20050501_MEM_PHX: matched 18/18 player rows
  [29/84] gen_2005_20050501_MIA_NJN: matched 22/22 player rows
  [30/84] gen_2005_20050501_SAC_SEA: matched 17/17 player rows
  [31/84] gen_2005_20050502_CHI_WAS: matched 21/21 player rows
  [32/84] gen_2005_20050502_DAL_HOU: matched 17/18 player rows
  [33/84] gen_2005_20050502_DEN_SAS: matched 20/20 player rows
  [34/84] gen_2005_20050503_BOS_IND: matched 21/21 player rows
  [35/84] gen_2005_20050503_DET_PHI: matched 17/17 player rows
  [36/84] gen_2005_20050503_SAC_SEA: matched 20/20 player rows
  [37/84] gen_2005_20050504_CHI_WAS: matched 20/20 player rows
  [38/84] gen_2005_20050504_DEN_SAS: matched 19/19 player rows
  [39/84] gen_2005_20050505_BOS_IND: matched 20/21 player rows
  [40/84] gen_2005_20050505_DAL_HOU: matched 20/21 player rows
  [41/84] gen_2005_20050506_CHI_WAS: matched 19/19 player rows
  [42/84] gen_2005_20050507_BOS_IND: matched 22/22 player rows
  [43/84] gen_2005_20050507_DAL_HOU: matched 20/21 player rows
  [44/84] gen_2005_20050508_MIA_WAS: matched 22/22 player rows
  [45/84] gen_2005_20050508_SAS_SEA: matched 24/24 player rows
  [46/84] gen_2005_20050509_DAL_PHX: matched 21/21 player rows
  [47/84] gen_2005_20050509_DET_IND: matched 23/24 player rows
  [48/84] gen_2005_20050510_MIA_WAS: matched 19/19 player rows
  [49/84] gen_2005_20050510_SAS_SEA: matched 21/21 player rows
  [50/84] gen_2005_20050511_DAL_PHX: matched 18/18 player rows
  [51/84] gen_2005_20050511_DET_IND: matched 18/18 player rows
  [52/84] gen_2005_20050512_MIA_WAS: matched 15/15 player rows
  [53/84] gen_2005_20050512_SAS_SEA: matched 20/20 player rows
  [54/84] gen_2005_20050513_DAL_PHX: matched 19/19 player rows
  [55/84] gen_2005_20050513_DET_IND: matched 18/18 player rows
  [56/84] gen_2005_20050514_MIA_WAS: matched 19/19 player rows
  [57/84] gen_2005_20050515_DAL_PHX: matched 16/16 player rows
  [58/84] gen_2005_20050515_DET_IND: matched 21/21 player rows
  [59/84] gen_2005_20050515_SAS_SEA: matched 21/21 player rows
  [60/84] gen_2005_20050517_DET_IND: matched 23/23 player rows
  [61/84] gen_2005_20050517_SAS_SEA: matched 21/21 player rows
  [62/84] gen_2005_20050518_DAL_PHX: matched 16/16 player rows
  [63/84] gen_2005_20050519_DET_IND: matched 17/17 player rows
  [64/84] gen_2005_20050519_SAS_SEA: matched 19/19 player rows
  [65/84] gen_2005_20050520_DAL_PHX: matched 16/16 player rows
  [66/84] gen_2005_20050522_PHX_SAS: matched 16/16 player rows
  [67/84] gen_2005_20050523_DET_MIA: matched 18/18 player rows
  [68/84] gen_2005_20050524_PHX_SAS: matched 17/17 player rows
  [69/84] gen_2005_20050525_DET_MIA: matched 20/20 player rows
  [70/84] gen_2005_20050528_PHX_SAS: matched 16/16 player rows
  [71/84] gen_2005_20050529_DET_MIA: matched 18/18 player rows
  [72/84] gen_2005_20050530_PHX_SAS: matched 15/15 player rows
  [73/84] gen_2005_20050531_DET_MIA: matched 22/22 player rows
  [74/84] gen_2005_20050601_PHX_SAS: matched 16/16 player rows
  [75/84] gen_2005_20050602_DET_MIA: matched 19/19 player rows
  [76/84] gen_2005_20050604_DET_MIA: matched 22/22 player rows
  [77/84] gen_2005_20050606_DET_MIA: matched 17/17 player rows
  [78/84] gen_2005_20050609_DET_SAS: matched 21/21 player rows
  [79/84] gen_2005_20050612_DET_SAS: matched 23/23 player rows
  [80/84] gen_2005_20050614_DET_SAS: matched 23/23 player rows
  [81/84] gen_2005_20050616_DET_SAS: matched 22/22 player rows
  [82/84] gen_2005_20050619_DET_SAS: matched 15/15 player rows
  [83/84] gen_2005_20050621_DET_SAS: matched 16/16 player rows
  [84/84] gen_2005_20050623_DET_SAS: matched 18/18 player rows
Wrote /workspaces/playoff-translation/data/player_game_adjts_ingredients.csv with 9,417 rows. Newly rebuilt rows: 1,638. Matched games: 84. Unmatched games: 0.
Applied verified pbpstats.com API AdjTS to data-package.json, data/data-package.json, and index.html.
FINISHED 2005 at Sun Jun 21 21:51:30 UTC 2026

==============================
REBUILDING 2006
STARTED Sun Jun 21 21:51:30 UTC 2026
==============================
Fetching pbpstats.com API game logs for playoff year 2006 (2005-06)...
  player 1/195 1000: 13 game-log rows
  player 2/195 101106: 5 game-log rows
  player 3/195 101115: 1 game-log rows
  player 4/195 101120: 5 game-log rows
  player 5/195 101122: 6 game-log rows
  player 6/195 101124: 3 game-log rows
  player 7/195 101128: 6 game-log rows
  player 8/195 101132: 3 game-log rows
  player 9/195 101134: 2 game-log rows
  player 10/195 101137: 6 game-log rows
  player 11/195 101142: 3 game-log rows
  player 12/195 101177: 7 game-log rows
  player 13/195 101179: 4 game-log rows
  player 14/195 101180: 6 game-log rows
  player 15/195 101182: 1 game-log rows
  player 16/195 101189: 6 game-log rows
  player 17/195 101195: 3 game-log rows
  player 18/195 1088: 4 game-log rows
  player 19/195 109: 13 game-log rows
  player 20/195 1112: 18 game-log rows
  player 21/195 1442: 3 game-log rows
  player 22/195 1477: 13 game-log rows
  player 23/195 1495: 13 game-log rows
  player 24/195 1496: 14 game-log rows
  player 25/195 1497: 18 game-log rows
  player 26/195 1498: 6 game-log rows
  player 27/195 15: 6 game-log rows
  player 28/195 1501: 20 game-log rows
  player 29/195 1506: 6 game-log rows
  player 30/195 1507: 8 game-log rows
  player 31/195 1509: 4 game-log rows
  player 32/195 1513: 4 game-log rows
  player 33/195 1517: 4 game-log rows
  player 34/195 1519: 8 game-log rows
  player 35/195 1521: 11 game-log rows
  player 36/195 1533: 6 game-log rows
  player 37/195 1536: 6 game-log rows
  player 38/195 1559: 20 game-log rows
  player 39/195 1710: 6 game-log rows
  player 40/195 1712: 6 game-log rows
  player 41/195 1713: 11 game-log rows
  player 42/195 1715: 23 game-log rows
  player 43/195 1716: 9 game-log rows
  player 44/195 1717: 23 game-log rows
  player 45/195 1719: 6 game-log rows
  player 46/195 1720: 8 game-log rows
  player 47/195 1725: 8 game-log rows
  player 48/195 1737: 8 game-log rows
  player 49/195 1739: 4 game-log rows
  player 50/195 1749: 12 game-log rows
  player 51/195 1761: 5 game-log rows
  player 52/195 1800: 13 game-log rows
  player 53/195 1802: 6 game-log rows
  player 54/195 1863: 5 game-log rows
  player 55/195 1882: 12 game-log rows
  player 56/195 1885: 7 game-log rows
  player 57/195 1888: 18 game-log rows
  player 58/195 1889: 5 game-log rows
  player 59/195 1890: 20 game-log rows
  player 60/195 1891: 22 game-log rows
  player 61/195 1894: 12 game-log rows
  player 62/195 1897: 5 game-log rows
  player 63/195 1899: 22 game-log rows
  player 64/195 1902: 4 game-log rows
  player 65/195 1903: 6 game-log rows
  player 66/195 1904: 7 game-log rows
  player 67/195 1909: 3 game-log rows
  player 68/195 1913: 6 game-log rows
  player 69/195 1922: 5 game-log rows
  player 70/195 1938: 13 game-log rows
  player 71/195 1952: 17 game-log rows
  player 72/195 1956: 4 game-log rows
  player 73/195 1983: 2 game-log rows
  player 74/195 2030: 2 game-log rows
  player 75/195 2034: 4 game-log rows
  player 76/195 2035: 3 game-log rows
  player 77/195 2041: 3 game-log rows
  player 78/195 2048: 5 game-log rows
  player 79/195 2054: 4 game-log rows
  player 80/195 2059: 4 game-log rows
  player 81/195 2067: 14 game-log rows
  player 82/195 2072: 5 game-log rows
  player 83/195 2073: 3 game-log rows
  player 84/195 2078: 5 game-log rows
  player 85/195 208: 12 game-log rows
  player 86/195 2109: 2 game-log rows
  player 87/195 2124: 6 game-log rows
  player 88/195 2198: 7 game-log rows
  player 89/195 2199: 6 game-log rows
  player 90/195 2200: 4 game-log rows
  player 91/195 2203: 4 game-log rows
  player 92/195 2205: 22 game-log rows
  player 93/195 2209: 12 game-log rows
  player 94/195 2210: 11 game-log rows
  player 95/195 2215: 11 game-log rows
  player 96/195 2217: 6 game-log rows
  player 97/195 2224: 1 game-log rows
  player 98/195 2225: 13 game-log rows
  player 99/195 2230: 16 game-log rows
  player 100/195 224: 4 game-log rows
  player 101/195 2240: 6 game-log rows
  player 102/195 2250: 5 game-log rows
  player 103/195 2294: 5 game-log rows
  player 104/195 2400: 13 game-log rows
  player 105/195 2401: 4 game-log rows
  player 106/195 2406: 6 game-log rows
  player 107/195 2407: 6 game-log rows
  player 108/195 2410: 6 game-log rows
  player 109/195 2411: 1 game-log rows
  player 110/195 2412: 4 game-log rows
  player 111/195 2419: 18 game-log rows
  player 112/195 2420: 11 game-log rows
  player 113/195 2429: 4 game-log rows
  player 114/195 243: 1 game-log rows
  player 115/195 2436: 13 game-log rows
  player 116/195 2457: 5 game-log rows
  player 117/195 2469: 3 game-log rows
  player 118/195 2470: 7 game-log rows
  player 119/195 2501: 5 game-log rows
  player 120/195 2544: 13 game-log rows
  player 121/195 2546: 5 game-log rows
  player 122/195 2548: 23 game-log rows
  player 123/195 2549: 11 game-log rows
  player 124/195 2550: 6 game-log rows
  player 125/195 2551: 5 game-log rows
  player 126/195 2552: 6 game-log rows
  player 127/195 2562: 3 game-log rows
  player 128/195 2563: 4 game-log rows
  player 129/195 2564: 20 game-log rows
  player 130/195 2565: 3 game-log rows
  player 131/195 2567: 7 game-log rows
  player 132/195 2568: 8 game-log rows
  player 133/195 2571: 20 game-log rows
  player 134/195 2572: 23 game-log rows
  player 135/195 2574: 1 game-log rows
  player 136/195 2575: 7 game-log rows
  player 137/195 258: 5 game-log rows
  player 138/195 2590: 5 game-log rows
  player 139/195 2592: 20 game-log rows
  player 140/195 2605: 20 game-log rows
  player 141/195 2617: 22 game-log rows
  player 142/195 2624: 12 game-log rows
  player 143/195 2694: 6 game-log rows
  player 144/195 2732: 6 game-log rows
  player 145/195 2733: 12 game-log rows
  player 146/195 2734: 23 game-log rows
  player 147/195 2736: 6 game-log rows
  player 148/195 2755: 6 game-log rows
  player 149/195 2756: 7 game-log rows
  player 150/195 2757: 7 game-log rows
  player 151/195 2758: 6 game-log rows
  player 152/195 2760: 13 game-log rows
  player 153/195 2766: 2 game-log rows
  player 154/195 2768: 6 game-log rows
  player 155/195 2788: 7 game-log rows
  player 156/195 2804: 6 game-log rows
  player 157/195 283: 18 game-log rows
  player 158/195 2873: 3 game-log rows
  player 159/195 297: 21 game-log rows
  player 160/195 353: 11 game-log rows
  player 161/195 361: 8 game-log rows
  player 162/195 389: 3 game-log rows
  player 163/195 406: 23 game-log rows
  player 164/195 441: 11 game-log rows
  player 165/195 467: 11 game-log rows
  player 166/195 56: 23 game-log rows
  player 167/195 673: 2 game-log rows
  player 168/195 686: 18 game-log rows
  player 169/195 693: 5 game-log rows
  player 170/195 699: 13 game-log rows
  player 171/195 703: 1 game-log rows
  player 172/195 711: 22 game-log rows
  player 173/195 714: 13 game-log rows
  player 174/195 722: 3 game-log rows
  player 175/195 727: 13 game-log rows
  player 176/195 739: 18 game-log rows
  player 177/195 754: 3 game-log rows
  player 178/195 89: 12 game-log rows
  player 179/195 905: 8 game-log rows
  player 180/195 911: 3 game-log rows
  player 181/195 923: 13 game-log rows
  player 182/195 948: 5 game-log rows
  player 183/195 949: 6 game-log rows
  player 184/195 952: 23 game-log rows
  player 185/195 953: 4 game-log rows
  player 186/195 956: 19 game-log rows
  player 187/195 958: 4 game-log rows
  player 188/195 959: 20 game-log rows
  player 189/195 960: 16 game-log rows
  player 190/195 962: 8 game-log rows
  player 191/195 970: 3 game-log rows
  player 192/195 977: 7 game-log rows
  player 193/195 978: 2 game-log rows
  player 194/195 979: 6 game-log rows
  player 195/195 980: 13 game-log rows
pbpstats.com API lookup keys for 2006: 5,151
  [1/89] gen_2006_20060422_CHI_MIA: matched 19/19 player rows
  [2/89] gen_2006_20060422_CLE_WAS: matched 19/20 player rows
  [3/89] gen_2006_20060422_DEN_LAC: matched 18/18 player rows
  [4/89] gen_2006_20060422_SAC_SAS: matched 24/24 player rows
  [5/89] gen_2006_20060423_DAL_MEM: matched 19/19 player rows
  [6/89] gen_2006_20060423_DET_MIL: matched 22/22 player rows
  [7/89] gen_2006_20060423_IND_NJN: matched 19/19 player rows
  [8/89] gen_2006_20060423_LAL_PHX: matched 18/18 player rows
  [9/89] gen_2006_20060424_CHI_MIA: matched 18/18 player rows
  [10/89] gen_2006_20060424_DEN_LAC: matched 22/22 player rows
  [11/89] gen_2006_20060425_CLE_WAS: matched 17/17 player rows
  [12/89] gen_2006_20060425_IND_NJN: matched 24/24 player rows
  [13/89] gen_2006_20060425_SAC_SAS: matched 18/18 player rows
  [14/89] gen_2006_20060426_DAL_MEM: matched 24/24 player rows
  [15/89] gen_2006_20060426_DET_MIL: matched 23/23 player rows
  [16/89] gen_2006_20060426_LAL_PHX: matched 18/18 player rows
  [17/89] gen_2006_20060427_CHI_MIA: matched 24/24 player rows
  [18/89] gen_2006_20060427_DEN_LAC: matched 19/20 player rows
  [19/89] gen_2006_20060427_IND_NJN: matched 24/24 player rows
  [20/89] gen_2006_20060428_CLE_WAS: matched 16/16 player rows
  [21/89] gen_2006_20060428_LAL_PHX: matched 16/16 player rows
  [22/89] gen_2006_20060428_SAC_SAS: matched 19/19 player rows
  [23/89] gen_2006_20060429_DAL_MEM: matched 19/19 player rows
  [24/89] gen_2006_20060429_DEN_LAC: matched 22/22 player rows
  [25/89] gen_2006_20060429_DET_MIL: matched 23/23 player rows
  [26/89] gen_2006_20060429_IND_NJN: matched 19/19 player rows
  [27/89] gen_2006_20060430_CHI_MIA: matched 20/20 player rows
  [28/89] gen_2006_20060430_CLE_WAS: matched 18/18 player rows
  [29/89] gen_2006_20060430_LAL_PHX: matched 16/16 player rows
  [30/89] gen_2006_20060430_SAC_SAS: matched 23/23 player rows
  [31/89] gen_2006_20060501_DAL_MEM: matched 23/23 player rows
  [32/89] gen_2006_20060501_DEN_LAC: matched 20/20 player rows
  [33/89] gen_2006_20060501_DET_MIL: matched 19/19 player rows
  [34/89] gen_2006_20060502_CHI_MIA: matched 22/22 player rows
  [35/89] gen_2006_20060502_IND_NJN: matched 16/16 player rows
  [36/89] gen_2006_20060502_LAL_PHX: matched 21/21 player rows
  [37/89] gen_2006_20060502_SAC_SAS: matched 22/22 player rows
  [38/89] gen_2006_20060503_CLE_WAS: matched 18/18 player rows
  [39/89] gen_2006_20060503_DET_MIL: matched 24/24 player rows
  [40/89] gen_2006_20060504_CHI_MIA: matched 20/20 player rows
  [41/89] gen_2006_20060504_IND_NJN: matched 17/17 player rows
  [42/89] gen_2006_20060504_LAL_PHX: matched 17/17 player rows
  [43/89] gen_2006_20060505_CLE_WAS: matched 17/17 player rows
  [44/89] gen_2006_20060505_SAC_SAS: matched 24/24 player rows
  [45/89] gen_2006_20060506_LAL_PHX: matched 20/20 player rows
  [46/89] gen_2006_20060507_CLE_DET: matched 24/24 player rows
  [47/89] gen_2006_20060507_DAL_SAS: matched 20/20 player rows
  [48/89] gen_2006_20060508_LAC_PHX: matched 18/18 player rows
  [49/89] gen_2006_20060508_MIA_NJN: matched 20/20 player rows
  [50/89] gen_2006_20060509_CLE_DET: matched 19/19 player rows
  [51/89] gen_2006_20060509_DAL_SAS: matched 24/24 player rows
  [52/89] gen_2006_20060510_LAC_PHX: matched 21/21 player rows
  [53/89] gen_2006_20060510_MIA_NJN: matched 23/23 player rows
  [54/89] gen_2006_20060512_LAC_PHX: matched 17/17 player rows
  [55/89] gen_2006_20060512_MIA_NJN: matched 17/17 player rows
  [56/89] gen_2006_20060513_CLE_DET: matched 17/17 player rows
  [57/89] gen_2006_20060513_DAL_SAS: matched 19/19 player rows
  [58/89] gen_2006_20060514_LAC_PHX: matched 17/17 player rows
  [59/89] gen_2006_20060514_MIA_NJN: matched 17/17 player rows
  [60/89] gen_2006_20060515_CLE_DET: matched 17/17 player rows
  [61/89] gen_2006_20060515_DAL_SAS: matched 16/17 player rows
  [62/89] gen_2006_20060516_LAC_PHX: matched 18/18 player rows
  [63/89] gen_2006_20060516_MIA_NJN: matched 16/16 player rows
  [64/89] gen_2006_20060517_CLE_DET: matched 17/17 player rows
  [65/89] gen_2006_20060517_DAL_SAS: matched 18/18 player rows
  [66/89] gen_2006_20060518_LAC_PHX: matched 15/15 player rows
  [67/89] gen_2006_20060519_CLE_DET: matched 18/18 player rows
  [68/89] gen_2006_20060519_DAL_SAS: matched 20/20 player rows
  [69/89] gen_2006_20060521_CLE_DET: matched 19/19 player rows
  [70/89] gen_2006_20060522_DAL_SAS: matched 18/18 player rows
  [71/89] gen_2006_20060522_LAC_PHX: matched 16/16 player rows
  [72/89] gen_2006_20060523_DET_MIA: matched 20/20 player rows
  [73/89] gen_2006_20060524_DAL_PHX: matched 18/18 player rows
  [74/89] gen_2006_20060525_DET_MIA: matched 19/19 player rows
  [75/89] gen_2006_20060526_DAL_PHX: matched 16/16 player rows
  [76/89] gen_2006_20060527_DET_MIA: matched 19/19 player rows
  [77/89] gen_2006_20060528_DAL_PHX: matched 16/16 player rows
  [78/89] gen_2006_20060529_DET_MIA: matched 19/19 player rows
  [79/89] gen_2006_20060530_DAL_PHX: matched 23/23 player rows
  [80/89] gen_2006_20060531_DET_MIA: matched 17/17 player rows
  [81/89] gen_2006_20060601_DAL_PHX: matched 19/19 player rows
  [82/89] gen_2006_20060602_DET_MIA: matched 18/18 player rows
  [83/89] gen_2006_20060603_DAL_PHX: matched 16/16 player rows
  [84/89] gen_2006_20060608_DAL_MIA: matched 18/18 player rows
  [85/89] gen_2006_20060611_DAL_MIA: matched 19/19 player rows
  [86/89] gen_2006_20060613_DAL_MIA: matched 18/18 player rows
  [87/89] gen_2006_20060615_DAL_MIA: matched 23/23 player rows
  [88/89] gen_2006_20060618_DAL_MIA: matched 19/19 player rows
  [89/89] gen_2006_20060620_DAL_MIA: matched 19/19 player rows
Wrote /workspaces/playoff-translation/data/player_game_adjts_ingredients.csv with 11,134 rows. Newly rebuilt rows: 1,717. Matched games: 89. Unmatched games: 0.
Applied verified pbpstats.com API AdjTS to data-package.json, data/data-package.json, and index.html.
FINISHED 2006 at Sun Jun 21 22:04:44 UTC 2026

==============================
REBUILDING 2007
STARTED Sun Jun 21 22:04:44 UTC 2026
==============================
Fetching pbpstats.com API game logs for playoff year 2007 (2006-07)...
  player 1/191 101114: 17 game-log rows
  player 2/191 101115: 5 game-log rows
  player 3/191 101120: 12 game-log rows
  player 4/191 101121: 6 game-log rows
  player 5/191 101129: 7 game-log rows
  player 6/191 101131: 14 game-log rows
  player 7/191 101132: 5 game-log rows
  player 8/191 101139: 1 game-log rows
  player 9/191 101142: 4 game-log rows
  player 10/191 101145: 11 game-log rows
  player 11/191 101154: 2 game-log rows
  player 12/191 101177: 20 game-log rows
  player 13/191 101180: 4 game-log rows
  player 14/191 101181: 6 game-log rows
  player 15/191 101182: 2 game-log rows
  player 16/191 101235: 6 game-log rows
  player 17/191 101236: 7 game-log rows
  player 18/191 101249: 2 game-log rows
  player 19/191 109: 18 game-log rows
  player 20/191 1112: 10 game-log rows
  player 21/191 136: 10 game-log rows
  player 22/191 147: 1 game-log rows
  player 23/191 1477: 20 game-log rows
  player 24/191 1495: 20 game-log rows
  player 25/191 1497: 16 game-log rows
  player 26/191 1498: 4 game-log rows
  player 27/191 1499: 4 game-log rows
  player 28/191 15: 1 game-log rows
  player 29/191 1502: 3 game-log rows
  player 30/191 1503: 7 game-log rows
  player 31/191 1506: 3 game-log rows
  player 32/191 1513: 3 game-log rows
  player 33/191 1515: 6 game-log rows
  player 34/191 1521: 20 game-log rows
  player 35/191 1536: 11 game-log rows
  player 36/191 1559: 4 game-log rows
  player 37/191 1630: 12 game-log rows
  player 38/191 1712: 4 game-log rows
  player 39/191 1713: 12 game-log rows
  player 40/191 1715: 4 game-log rows
  player 41/191 1716: 18 game-log rows
  player 42/191 1717: 6 game-log rows
  player 43/191 1720: 1 game-log rows
  player 44/191 1723: 17 game-log rows
  player 45/191 1725: 5 game-log rows
  player 46/191 1733: 11 game-log rows
  player 47/191 1737: 2 game-log rows
  player 48/191 1742: 4 game-log rows
  player 49/191 1747: 7 game-log rows
  player 50/191 1761: 6 game-log rows
  player 51/191 1800: 11 game-log rows
  player 52/191 185: 16 game-log rows
  player 53/191 1853: 1 game-log rows
  player 54/191 1884: 11 game-log rows
  player 55/191 1885: 5 game-log rows
  player 56/191 1888: 16 game-log rows
  player 57/191 1890: 11 game-log rows
  player 58/191 1891: 6 game-log rows
  player 59/191 1899: 4 game-log rows
  player 60/191 1904: 6 game-log rows
  player 61/191 1905: 17 game-log rows
  player 62/191 1913: 4 game-log rows
  player 63/191 1916: 1 game-log rows
  player 64/191 1921: 17 game-log rows
  player 65/191 1922: 20 game-log rows
  player 66/191 1938: 20 game-log rows
  player 67/191 1952: 11 game-log rows
  player 68/191 1956: 6 game-log rows
  player 69/191 200745: 6 game-log rows
  player 70/191 200748: 10 game-log rows
  player 71/191 200755: 1 game-log rows
  player 72/191 200757: 9 game-log rows
  player 73/191 200758: 8 game-log rows
  player 74/191 200766: 12 game-log rows
  player 75/191 200767: 12 game-log rows
  player 76/191 200769: 1 game-log rows
  player 77/191 200770: 5 game-log rows
  player 78/191 200772: 3 game-log rows
  player 79/191 200789: 20 game-log rows
  player 80/191 200793: 8 game-log rows
  player 81/191 200794: 17 game-log rows
  player 82/191 200801: 6 game-log rows
  player 83/191 200821: 1 game-log rows
  player 84/191 200826: 2 game-log rows
  player 85/191 2039: 4 game-log rows
  player 86/191 2041: 4 game-log rows
  player 87/191 2045: 4 game-log rows
  player 88/191 2050: 6 game-log rows
  player 89/191 2052: 4 game-log rows
  player 90/191 2054: 1 game-log rows
  player 91/191 2059: 5 game-log rows
  player 92/191 2067: 4 game-log rows
  player 93/191 2124: 5 game-log rows
  player 94/191 2198: 5 game-log rows
  player 95/191 2202: 11 game-log rows
  player 96/191 2203: 7 game-log rows
  player 97/191 2205: 6 game-log rows
  player 98/191 2210: 12 game-log rows
  player 99/191 2215: 12 game-log rows
  player 100/191 2217: 3 game-log rows
  player 101/191 2225: 20 game-log rows
  player 102/191 2230: 5 game-log rows
  player 103/191 224: 3 game-log rows
  player 104/191 2246: 17 game-log rows
  player 105/191 2260: 13 game-log rows
  player 106/191 2306: 3 game-log rows
  player 107/191 239: 2 game-log rows
  player 108/191 2397: 7 game-log rows
  player 109/191 2400: 20 game-log rows
  player 110/191 2403: 5 game-log rows
  player 111/191 2405: 10 game-log rows
  player 112/191 2411: 12 game-log rows
  player 113/191 2413: 6 game-log rows
  player 114/191 2419: 16 game-log rows
  player 115/191 2427: 4 game-log rows
  player 116/191 2430: 17 game-log rows
  player 117/191 2436: 12 game-log rows
  player 118/191 2440: 11 game-log rows
  player 119/191 2443: 4 game-log rows
  player 120/191 2469: 3 game-log rows
  player 121/191 2470: 5 game-log rows
  player 122/191 2544: 20 game-log rows
  player 123/191 2545: 4 game-log rows
  player 124/191 2546: 5 game-log rows
  player 125/191 2547: 6 game-log rows
  player 126/191 2548: 4 game-log rows
  player 127/191 255: 4 game-log rows
  player 128/191 2550: 10 game-log rows
  player 129/191 2551: 6 game-log rows
  player 130/191 2552: 1 game-log rows
  player 131/191 2553: 4 game-log rows
  player 132/191 2554: 11 game-log rows
  player 133/191 2556: 2 game-log rows
  player 134/191 2562: 20 game-log rows
  player 135/191 2564: 10 game-log rows
  player 136/191 2567: 5 game-log rows
  player 137/191 2568: 16 game-log rows
  player 138/191 2571: 11 game-log rows
  player 139/191 2572: 6 game-log rows
  player 140/191 2574: 4 game-log rows
  player 141/191 2575: 5 game-log rows
  player 142/191 2581: 5 game-log rows
  player 143/191 2588: 9 game-log rows
  player 144/191 2592: 11 game-log rows
  player 145/191 2617: 4 game-log rows
  player 146/191 2694: 4 game-log rows
  player 147/191 2730: 4 game-log rows
  player 148/191 2732: 10 game-log rows
  player 149/191 2734: 6 game-log rows
  player 150/191 2736: 10 game-log rows
  player 151/191 2737: 5 game-log rows
  player 152/191 2739: 3 game-log rows
  player 153/191 2740: 11 game-log rows
  player 154/191 2743: 6 game-log rows
  player 155/191 2745: 3 game-log rows
  player 156/191 2747: 4 game-log rows
  player 157/191 2748: 1 game-log rows
  player 158/191 2749: 4 game-log rows
  player 159/191 2756: 4 game-log rows
  player 160/191 2757: 8 game-log rows
  player 161/191 2760: 20 game-log rows
  player 162/191 2768: 9 game-log rows
  player 163/191 2772: 4 game-log rows
  player 164/191 2774: 1 game-log rows
  player 165/191 2779: 1 game-log rows
  player 166/191 2804: 10 game-log rows
  player 167/191 283: 13 game-log rows
  player 168/191 297: 4 game-log rows
  player 169/191 361: 4 game-log rows
  player 170/191 406: 4 game-log rows
  player 171/191 436: 7 game-log rows
  player 172/191 467: 12 game-log rows
  player 173/191 56: 2 game-log rows
  player 174/191 686: 16 game-log rows
  player 175/191 699: 19 game-log rows
  player 176/191 703: 11 game-log rows
  player 177/191 711: 6 game-log rows
  player 178/191 714: 20 game-log rows
  player 179/191 727: 19 game-log rows
  player 180/191 739: 16 game-log rows
  player 181/191 87: 7 game-log rows
  player 182/191 905: 8 game-log rows
  player 183/191 923: 19 game-log rows
  player 184/191 947: 5 game-log rows
  player 185/191 948: 5 game-log rows
  player 186/191 952: 4 game-log rows
  player 187/191 956: 5 game-log rows
  player 188/191 959: 11 game-log rows
  player 189/191 965: 16 game-log rows
  player 190/191 977: 5 game-log rows
  player 191/191 980: 20 game-log rows
pbpstats.com API lookup keys for 2007: 4,686
  [1/79] gen_2007_20070421_CHI_MIA: matched 19/19 player rows
  [2/79] gen_2007_20070421_DET_ORL: matched 19/19 player rows
  [3/79] gen_2007_20070421_HOU_UTA: matched 17/17 player rows
  [4/79] gen_2007_20070421_NJN_TOR: matched 20/20 player rows
  [5/79] gen_2007_20070422_CLE_WAS: matched 21/21 player rows
  [6/79] gen_2007_20070422_DAL_GSW: matched 17/17 player rows
  [7/79] gen_2007_20070422_DEN_SAS: matched 19/19 player rows
  [8/79] gen_2007_20070422_LAL_PHX: matched 19/19 player rows
  [9/79] gen_2007_20070423_DET_ORL: matched 18/18 player rows
  [10/79] gen_2007_20070423_HOU_UTA: matched 19/19 player rows
  [11/79] gen_2007_20070424_CHI_MIA: matched 20/20 player rows
  [12/79] gen_2007_20070424_LAL_PHX: matched 24/24 player rows
  [13/79] gen_2007_20070424_NJN_TOR: matched 20/20 player rows
  [14/79] gen_2007_20070425_CLE_WAS: matched 19/19 player rows
  [15/79] gen_2007_20070425_DAL_GSW: matched 22/22 player rows
  [16/79] gen_2007_20070425_DEN_SAS: matched 18/18 player rows
  [17/79] gen_2007_20070426_DET_ORL: matched 19/19 player rows
  [18/79] gen_2007_20070426_HOU_UTA: matched 18/18 player rows
  [19/79] gen_2007_20070426_LAL_PHX: matched 18/18 player rows
  [20/79] gen_2007_20070427_CHI_MIA: matched 18/18 player rows
  [21/79] gen_2007_20070427_DAL_GSW: matched 23/23 player rows
  [22/79] gen_2007_20070427_NJN_TOR: matched 21/21 player rows
  [23/79] gen_2007_20070428_CLE_WAS: matched 18/18 player rows
  [24/79] gen_2007_20070428_DEN_SAS: matched 18/18 player rows
  [25/79] gen_2007_20070428_DET_ORL: matched 18/18 player rows
  [26/79] gen_2007_20070428_HOU_UTA: matched 23/23 player rows
  [27/79] gen_2007_20070429_CHI_MIA: matched 21/21 player rows
  [28/79] gen_2007_20070429_DAL_GSW: matched 17/17 player rows
  [29/79] gen_2007_20070429_LAL_PHX: matched 20/20 player rows
  [30/79] gen_2007_20070429_NJN_TOR: matched 23/23 player rows
  [31/79] gen_2007_20070430_CLE_WAS: matched 21/21 player rows
  [32/79] gen_2007_20070430_DEN_SAS: matched 18/18 player rows
  [33/79] gen_2007_20070430_HOU_UTA: matched 18/18 player rows
  [34/79] gen_2007_20070501_DAL_GSW: matched 19/19 player rows
  [35/79] gen_2007_20070501_NJN_TOR: matched 22/22 player rows
  [36/79] gen_2007_20070502_DEN_SAS: matched 21/21 player rows
  [37/79] gen_2007_20070502_LAL_PHX: matched 20/20 player rows
  [38/79] gen_2007_20070503_DAL_GSW: matched 22/22 player rows
  [39/79] gen_2007_20070503_HOU_UTA: matched 18/18 player rows
  [40/79] gen_2007_20070504_NJN_TOR: matched 18/18 player rows
  [41/79] gen_2007_20070505_CHI_DET: matched 21/21 player rows
  [42/79] gen_2007_20070505_HOU_UTA: matched 17/17 player rows
  [43/79] gen_2007_20070506_CLE_NJN: matched 19/19 player rows
  [44/79] gen_2007_20070506_PHX_SAS: matched 18/18 player rows
  [45/79] gen_2007_20070507_CHI_DET: matched 23/23 player rows
  [46/79] gen_2007_20070507_GSW_UTA: matched 17/17 player rows
  [47/79] gen_2007_20070508_CLE_NJN: matched 19/19 player rows
  [48/79] gen_2007_20070508_PHX_SAS: matched 22/22 player rows
  [49/79] gen_2007_20070509_GSW_UTA: matched 18/18 player rows
  [50/79] gen_2007_20070510_CHI_DET: matched 18/18 player rows
  [51/79] gen_2007_20070511_GSW_UTA: matched 24/24 player rows
  [52/79] gen_2007_20070512_CLE_NJN: matched 24/24 player rows
  [53/79] gen_2007_20070512_PHX_SAS: matched 18/18 player rows
  [54/79] gen_2007_20070513_CHI_DET: matched 18/18 player rows
  [55/79] gen_2007_20070513_GSW_UTA: matched 20/20 player rows
  [56/79] gen_2007_20070514_CLE_NJN: matched 19/19 player rows
  [57/79] gen_2007_20070514_PHX_SAS: matched 19/19 player rows
  [58/79] gen_2007_20070515_CHI_DET: matched 22/22 player rows
  [59/79] gen_2007_20070515_GSW_UTA: matched 17/17 player rows
  [60/79] gen_2007_20070516_CLE_NJN: matched 19/19 player rows
  [61/79] gen_2007_20070516_PHX_SAS: matched 17/17 player rows
  [62/79] gen_2007_20070517_CHI_DET: matched 19/19 player rows
  [63/79] gen_2007_20070518_CLE_NJN: matched 21/21 player rows
  [64/79] gen_2007_20070518_PHX_SAS: matched 18/18 player rows
  [65/79] gen_2007_20070520_SAS_UTA: matched 21/21 player rows
  [66/79] gen_2007_20070521_CLE_DET: matched 19/19 player rows
  [67/79] gen_2007_20070522_SAS_UTA: matched 20/20 player rows
  [68/79] gen_2007_20070524_CLE_DET: matched 20/20 player rows
  [69/79] gen_2007_20070526_SAS_UTA: matched 24/24 player rows
  [70/79] gen_2007_20070527_CLE_DET: matched 18/18 player rows
  [71/79] gen_2007_20070528_SAS_UTA: matched 20/20 player rows
  [72/79] gen_2007_20070529_CLE_DET: matched 20/20 player rows
  [73/79] gen_2007_20070530_SAS_UTA: matched 24/24 player rows
  [74/79] gen_2007_20070531_CLE_DET: matched 21/21 player rows
  [75/79] gen_2007_20070602_CLE_DET: matched 22/22 player rows
  [76/79] gen_2007_20070607_CLE_SAS: matched 21/21 player rows
  [77/79] gen_2007_20070610_CLE_SAS: matched 23/23 player rows
  [78/79] gen_2007_20070612_CLE_SAS: matched 19/19 player rows
  [79/79] gen_2007_20070614_CLE_SAS: matched 20/20 player rows
Wrote /workspaces/playoff-translation/data/player_game_adjts_ingredients.csv with 12,696 rows. Newly rebuilt rows: 1,562. Matched games: 79. Unmatched games: 0.
Applied verified pbpstats.com API AdjTS to data-package.json, data/data-package.json, and index.html.
FINISHED 2007 at Sun Jun 21 22:17:42 UTC 2026

==============================
REBUILDING 2008
STARTED Sun Jun 21 22:17:42 UTC 2026
==============================
Fetching pbpstats.com API game logs for playoff year 2008 (2007-08)...
  player 1/202 101107: 7 game-log rows
  player 2/202 101108: 12 game-log rows
  player 3/202 101114: 12 game-log rows
  player 4/202 101120: 1 game-log rows
  player 5/202 101121: 2 game-log rows
  player 6/202 101129: 5 game-log rows
  player 7/202 101131: 17 game-log rows
  player 8/202 101132: 4 game-log rows
  player 9/202 101136: 3 game-log rows
  player 10/202 101138: 5 game-log rows
  player 11/202 101139: 7 game-log rows
  player 12/202 101142: 19 game-log rows
  player 13/202 101150: 6 game-log rows
  player 14/202 101154: 6 game-log rows
  player 15/202 101161: 8 game-log rows
  player 16/202 101162: 8 game-log rows
  player 17/202 101177: 17 game-log rows
  player 18/202 101179: 12 game-log rows
