Fetching pbpstats.com API game logs for playoff year 2002 (2001-02)...
pbpstats.com all-player call not usable for 2002; falling back to per-player: 422 Client Error: Unprocessable Entity for url: https://api.pbpstats.com/get-game-logs/nba?Season=2001-02&SeasonType=Playoffs&EntityType=Player
  player 1/186 1065: 12 game-log rows
  player 2/186 1088: 10 game-log rows
  player 3/186 109: 19 game-log rows
  player 4/186 1112: 10 game-log rows
  player 5/186 1114: 3 game-log rows
  player 6/186 120: 10 game-log rows
  player 7/186 121: 4 game-log rows
  player 8/186 123: 3 game-log rows
  player 9/186 124: 16 game-log rows
  player 10/186 133: 9 game-log rows
  player 11/186 136: 9 game-log rows
  player 12/186 1425: 20 game-log rows
  player 13/186 1442: 5 game-log rows
  player 14/186 1444: 5 game-log rows
  player 15/186 146: 2 game-log rows
  player 16/186 1477: 10 game-log rows
  player 17/186 1495: 9 game-log rows
  player 18/186 1496: 20 game-log rows
  player 19/186 1497: 3 game-log rows
  player 20/186 1498: 10 game-log rows
  player 21/186 1499: 16 game-log rows
  player 22/186 1500: 5 game-log rows
  player 23/186 1503: 4 game-log rows
  player 24/186 1506: 4 game-log rows
  player 25/186 1507: 3 game-log rows
  player 26/186 1513: 15 game-log rows
  player 27/186 1517: 16 game-log rows
  player 28/186 1520: 4 game-log rows
  player 29/186 1531: 1 game-log rows
  player 30/186 1533: 19 game-log rows
  player 31/186 1541: 5 game-log rows
  player 32/186 1542: 3 game-log rows
  player 33/186 1548: 4 game-log rows
  player 34/186 1559: 4 game-log rows
  player 35/186 1563: 5 game-log rows
  player 36/186 1565: 1 game-log rows
  player 37/186 1594: 2 game-log rows
  player 38/186 1601: 4 game-log rows
  player 39/186 1607: 4 game-log rows
  player 40/186 164: 5 game-log rows
  player 41/186 165: 5 game-log rows
  player 42/186 1710: 16 game-log rows
  player 43/186 1711: 8 game-log rows
  player 44/186 1714: 8 game-log rows
  player 45/186 1717: 8 game-log rows
  player 46/186 1718: 16 game-log rows
  player 47/186 1719: 3 game-log rows
  player 48/186 1721: 5 game-log rows
  player 49/186 1723: 5 game-log rows
  player 50/186 1724: 2 game-log rows
  player 51/186 1725: 3 game-log rows
  player 52/186 1727: 4 game-log rows
  player 53/186 1732: 3 game-log rows
  player 54/186 1738: 4 game-log rows
  player 55/186 1739: 3 game-log rows
  player 56/186 1740: 3 game-log rows
  player 57/186 1742: 3 game-log rows
  player 58/186 1743: 1 game-log rows
  player 59/186 1744: 5 game-log rows
  player 60/186 1761: 7 game-log rows
  player 61/186 1800: 10 game-log rows
  player 62/186 1802: 5 game-log rows
  player 63/186 185: 16 game-log rows
  player 64/186 1884: 9 game-log rows
  player 65/186 1886: 5 game-log rows
  player 66/186 1887: 3 game-log rows
  player 67/186 1897: 5 game-log rows
  player 68/186 1900: 4 game-log rows
  player 69/186 1902: 5 game-log rows
  player 70/186 1904: 19 game-log rows
  player 71/186 1905: 4 game-log rows
  player 72/186 1907: 1 game-log rows
  player 73/186 1909: 4 game-log rows
  player 74/186 1915: 3 game-log rows
  player 75/186 1917: 8 game-log rows
  player 76/186 1924: 9 game-log rows
  player 77/186 1928: 20 game-log rows
  player 78/186 1952: 3 game-log rows
  player 79/186 198: 10 game-log rows
  player 80/186 1983: 4 game-log rows
  player 81/186 201: 2 game-log rows
  player 82/186 2030: 20 game-log rows
  player 83/186 2034: 4 game-log rows
  player 84/186 2045: 16 game-log rows
  player 85/186 2046: 5 game-log rows
  player 86/186 2048: 8 game-log rows
  player 87/186 2049: 5 game-log rows
  player 88/186 2050: 5 game-log rows
  player 89/186 2058: 7 game-log rows
  player 90/186 2059: 8 game-log rows
  player 91/186 2071: 3 game-log rows
  player 92/186 209: 4 game-log rows
  player 93/186 2098: 7 game-log rows
  player 94/186 213: 5 game-log rows
  player 95/186 216: 19 game-log rows
  player 96/186 2206: 1 game-log rows
  player 97/186 2208: 2 game-log rows
  player 98/186 2209: 5 game-log rows
  player 99/186 2210: 20 game-log rows
  player 100/186 2213: 2 game-log rows
  player 101/186 2214: 1 game-log rows
  player 102/186 2215: 17 game-log rows
  player 103/186 2216: 1 game-log rows
  player 104/186 2222: 5 game-log rows
  player 105/186 2224: 5 game-log rows
  player 106/186 2225: 10 game-log rows
  player 107/186 2243: 6 game-log rows
  player 108/186 2249: 2 game-log rows
  player 109/186 2260: 4 game-log rows
  player 110/186 2264: 2 game-log rows
  player 111/186 2349: 1 game-log rows
  player 112/186 243: 5 game-log rows
  player 113/186 248: 9 game-log rows
  player 114/186 252: 4 game-log rows
  player 115/186 270: 4 game-log rows
  player 116/186 271: 3 game-log rows
  player 117/186 278: 9 game-log rows
  player 118/186 283: 18 game-log rows
  player 119/186 296: 19 game-log rows
  player 120/186 304: API failed: 503 Server Error: Service Temporarily Unavailable for url: https://api.pbpstats.com/get-game-logs/nba?Season=2001-02&SeasonType=Playoffs&EntityType=Player&EntityId=304
  player 121/186 324: 3 game-log rows
  player 122/186 344: API failed: 503 Server Error: Service Temporarily Unavailable for url: https://api.pbpstats.com/get-game-logs/nba?Season=2001-02&SeasonType=Playoffs&EntityType=Player&EntityId=344
  player 123/186 345: 10 game-log rows
  player 124/186 353: API failed: 503 Server Error: Service Temporarily Unavailable for url: https://api.pbpstats.com/get-game-logs/nba?Season=2001-02&SeasonType=Playoffs&EntityType=Player&EntityId=353
  player 125/186 359: 1 game-log rows
  player 126/186 361: API failed: 503 Server Error: Service Temporarily Unavailable for url: https://api.pbpstats.com/get-game-logs/nba?Season=2001-02&SeasonType=Playoffs&EntityType=Player&EntityId=361
  player 127/186 365: 4 game-log rows
  player 128/186 397: API failed: 503 Server Error: Service Temporarily Unavailable for url: https://api.pbpstats.com/get-game-logs/nba?Season=2001-02&SeasonType=Playoffs&EntityType=Player&EntityId=397
  player 129/186 406: 19 game-log rows
  player 130/186 417: API failed: 503 Server Error: Service Temporarily Unavailable for url: https://api.pbpstats.com/get-game-logs/nba?Season=2001-02&SeasonType=Playoffs&EntityType=Player&EntityId=417
  player 131/186 42: 4 game-log rows
  player 132/186 431: API failed: 503 Server Error: Service Temporarily Unavailable for url: https://api.pbpstats.com/get-game-logs/nba?Season=2001-02&SeasonType=Playoffs&EntityType=Player&EntityId=431
  player 133/186 446: 20 game-log rows
  player 134/186 452: API failed: 503 Server Error: Service Temporarily Unavailable for url: https://api.pbpstats.com/get-game-logs/nba?Season=2001-02&SeasonType=Playoffs&EntityType=Player&EntityId=452
  player 135/186 467: 20 game-log rows
  player 136/186 468: API failed: 503 Server Error: Service Temporarily Unavailable for url: https://api.pbpstats.com/get-game-logs/nba?Season=2001-02&SeasonType=Playoffs&EntityType=Player&EntityId=468
  player 137/186 469: 1 game-log rows
  player 138/186 56: API failed: 503 Server Error: Service Temporarily Unavailable for url: https://api.pbpstats.com/get-game-logs/nba?Season=2001-02&SeasonType=Playoffs&EntityType=Player&EntityId=56
  player 139/186 57: 16 game-log rows
  player 140/186 677: API failed: 503 Server Error: Service Temporarily Unavailable for url: https://api.pbpstats.com/get-game-logs/nba?Season=2001-02&SeasonType=Playoffs&EntityType=Player&EntityId=677
  player 141/186 681: 7 game-log rows
  player 142/186 685: 5 game-log rows
  player 143/186 688: API failed: 503 Server Error: Service Temporarily Unavailable for url: https://api.pbpstats.com/get-game-logs/nba?Season=2001-02&SeasonType=Playoffs&EntityType=Player&EntityId=688
  player 144/186 690: 4 game-log rows
  player 145/186 692: API failed: 503 Server Error: Service Temporarily Unavailable for url: https://api.pbpstats.com/get-game-logs/nba?Season=2001-02&SeasonType=Playoffs&EntityType=Player&EntityId=692
  player 146/186 693: 3 game-log rows
  player 147/186 699: API failed: 503 Server Error: Service Temporarily Unavailable for url: https://api.pbpstats.com/get-game-logs/nba?Season=2001-02&SeasonType=Playoffs&EntityType=Player&EntityId=699
  player 148/186 70: 3 game-log rows
  player 149/186 708: API failed: 503 Server Error: Service Temporarily Unavailable for url: https://api.pbpstats.com/get-game-logs/nba?Season=2001-02&SeasonType=Playoffs&EntityType=Player&EntityId=708
  player 150/186 711: 10 game-log rows
  player 151/186 714: API failed: 503 Server Error: Service Temporarily Unavailable for url: https://api.pbpstats.com/get-game-logs/nba?Season=2001-02&SeasonType=Playoffs&EntityType=Player&EntityId=714
  player 152/186 718: 3 game-log rows
  player 153/186 72: API failed: 503 Server Error: Service Temporarily Unavailable for url: https://api.pbpstats.com/get-game-logs/nba?Season=2001-02&SeasonType=Playoffs&EntityType=Player&EntityId=72
  player 154/186 722: 10 game-log rows
  player 155/186 727: API failed: 503 Server Error: Service Temporarily Unavailable for url: https://api.pbpstats.com/get-game-logs/nba?Season=2001-02&SeasonType=Playoffs&EntityType=Player&EntityId=727
  player 156/186 731: 4 game-log rows
  player 157/186 739: API failed: 503 Server Error: Service Temporarily Unavailable for url: https://api.pbpstats.com/get-game-logs/nba?Season=2001-02&SeasonType=Playoffs&EntityType=Player&EntityId=739
  player 158/186 757: 3 game-log rows
  player 159/186 762: API failed: 503 Server Error: Service Temporarily Unavailable for url: https://api.pbpstats.com/get-game-logs/nba?Season=2001-02&SeasonType=Playoffs&EntityType=Player&EntityId=762
  player 160/186 764: 4 game-log rows
  player 161/186 782: API failed: 503 Server Error: Service Temporarily Unavailable for url: https://api.pbpstats.com/get-game-logs/nba?Season=2001-02&SeasonType=Playoffs&EntityType=Player&EntityId=782
  player 162/186 87: 5 game-log rows
  player 163/186 89: API failed: 503 Server Error: Service Temporarily Unavailable for url: https://api.pbpstats.com/get-game-logs/nba?Season=2001-02&SeasonType=Playoffs&EntityType=Player&EntityId=89
  player 164/186 905: 3 game-log rows
  player 165/186 915: API failed: 503 Server Error: Service Temporarily Unavailable for url: https://api.pbpstats.com/get-game-logs/nba?Season=2001-02&SeasonType=Playoffs&EntityType=Player&EntityId=915
  player 166/186 916: 5 game-log rows
  player 167/186 922: API failed: 503 Server Error: Service Temporarily Unavailable for url: https://api.pbpstats.com/get-game-logs/nba?Season=2001-02&SeasonType=Playoffs&EntityType=Player&EntityId=922
  player 168/186 923: 4 game-log rows
  player 169/186 934: API failed: 503 Server Error: Service Temporarily Unavailable for url: https://api.pbpstats.com/get-game-logs/nba?Season=2001-02&SeasonType=Playoffs&EntityType=Player&EntityId=934
  player 170/186 935: 4 game-log rows
  player 171/186 937: API failed: 503 Server Error: Service Temporarily Unavailable for url: https://api.pbpstats.com/get-game-logs/nba?Season=2001-02&SeasonType=Playoffs&EntityType=Player&EntityId=937
  player 172/186 947: 5 game-log rows
  player 173/186 95: API failed: 503 Server Error: Service Temporarily Unavailable for url: https://api.pbpstats.com/get-game-logs/nba?Season=2001-02&SeasonType=Playoffs&EntityType=Player&EntityId=95
  player 174/186 952: 16 game-log rows
  player 175/186 954: API failed: 503 Server Error: Service Temporarily Unavailable for url: https://api.pbpstats.com/get-game-logs/nba?Season=2001-02&SeasonType=Playoffs&EntityType=Player&EntityId=954
  player 176/186 955: 19 game-log rows
  player 177/186 959: API failed: 503 Server Error: Service Temporarily Unavailable for url: https://api.pbpstats.com/get-game-logs/nba?Season=2001-02&SeasonType=Playoffs&EntityType=Player&EntityId=959
  player 178/186 960: 14 game-log rows
  player 179/186 962: API failed: 503 Server Error: Service Temporarily Unavailable for url: https://api.pbpstats.com/get-game-logs/nba?Season=2001-02&SeasonType=Playoffs&EntityType=Player&EntityId=962
  player 180/186 965: 19 game-log rows
  player 181/186 966: API failed: 503 Server Error: Service Temporarily Unavailable for url: https://api.pbpstats.com/get-game-logs/nba?Season=2001-02&SeasonType=Playoffs&EntityType=Player&EntityId=966
  player 182/186 977: 19 game-log rows
  player 183/186 978: API failed: 503 Server Error: Service Temporarily Unavailable for url: https://api.pbpstats.com/get-game-logs/nba?Season=2001-02&SeasonType=Playoffs&EntityType=Player&EntityId=978
  player 184/186 979: 5 game-log rows
  player 185/186 988: API failed: 503 Server Error: Service Temporarily Unavailable for url: https://api.pbpstats.com/get-game-logs/nba?Season=2001-02&SeasonType=Playoffs&EntityType=Player&EntityId=988
  player 186/186 990: 10 game-log rows
pbpstats.com API lookup keys for 2002: 3,381
  [1/71] gen_2002_20020420_CHH_ORL: matched 18/21 player rows
  [2/71] gen_2002_20020420_IND_NJN: matched 18/20 player rows
  [3/71] gen_2002_20020420_SAC_UTA: matched 16/18 player rows
  [4/71] gen_2002_20020420_SAS_SEA: matched 19/24 player rows
  [5/71] gen_2002_20020421_BOS_PHI: matched 13/19 player rows
  [6/71] gen_2002_20020421_DAL_MIN: matched 14/19 player rows
  [7/71] gen_2002_20020421_DET_TOR: matched 18/23 player rows
  [8/71] gen_2002_20020421_LAL_POR: matched 18/21 player rows
  [9/71] gen_2002_20020422_IND_NJN: matched 21/23 player rows
  [10/71] gen_2002_20020422_SAS_SEA: matched 12/17 player rows
  [11/71] gen_2002_20020423_CHH_ORL: matched 18/20 player rows
  [12/71] gen_2002_20020423_SAC_UTA: matched 17/19 player rows
  [13/71] gen_2002_20020424_DAL_MIN: matched 14/20 player rows
  [14/71] gen_2002_20020424_DET_TOR: matched 13/17 player rows
  [15/71] gen_2002_20020425_BOS_PHI: matched 10/16 player rows
  [16/71] gen_2002_20020425_LAL_POR: matched 17/20 player rows
  [17/71] gen_2002_20020426_IND_NJN: matched 17/19 player rows
  [18/71] gen_2002_20020427_CHH_ORL: matched 17/20 player rows
  [19/71] gen_2002_20020427_DET_TOR: matched 14/19 player rows
  [20/71] gen_2002_20020427_SAC_UTA: matched 16/18 player rows
  [21/71] gen_2002_20020427_SAS_SEA: matched 18/23 player rows
  [22/71] gen_2002_20020428_BOS_PHI: matched 15/21 player rows
  [23/71] gen_2002_20020428_DAL_MIN: matched 14/20 player rows
  [24/71] gen_2002_20020428_LAL_POR: matched 16/19 player rows
  [25/71] gen_2002_20020429_DET_TOR: matched 14/19 player rows
  [26/71] gen_2002_20020429_SAC_UTA: matched 16/18 player rows
  [27/71] gen_2002_20020430_CHH_ORL: matched 19/21 player rows
  [28/71] gen_2002_20020430_IND_NJN: matched 22/24 player rows
  [29/71] gen_2002_20020501_BOS_PHI: matched 12/18 player rows
  [30/71] gen_2002_20020501_SAS_SEA: matched 13/18 player rows
  [31/71] gen_2002_20020502_DET_TOR: matched 13/17 player rows
  [32/71] gen_2002_20020502_IND_NJN: matched 17/19 player rows
  [33/71] gen_2002_20020503_BOS_PHI: matched 16/22 player rows
  [34/71] gen_2002_20020503_SAS_SEA: matched 16/21 player rows
  [35/71] gen_2002_20020504_DAL_SAC: matched 17/22 player rows
  [36/71] gen_2002_20020505_BOS_DET: matched 9/16 player rows
  [37/71] gen_2002_20020505_CHH_NJN: matched 16/18 player rows
  [38/71] gen_2002_20020505_LAL_SAS: matched 19/20 player rows
  [39/71] gen_2002_20020506_DAL_SAC: matched 13/18 player rows
  [40/71] gen_2002_20020507_CHH_NJN: matched 19/21 player rows
  [41/71] gen_2002_20020507_LAL_SAS: matched 17/18 player rows
  [42/71] gen_2002_20020508_BOS_DET: matched 10/17 player rows
  [43/71] gen_2002_20020509_CHH_NJN: matched 21/23 player rows
  [44/71] gen_2002_20020509_DAL_SAC: matched 14/19 player rows
  [45/71] gen_2002_20020510_BOS_DET: matched 9/16 player rows
  [46/71] gen_2002_20020510_LAL_SAS: matched 19/19 player rows
  [47/71] gen_2002_20020511_DAL_SAC: matched 15/19 player rows
  [48/71] gen_2002_20020512_BOS_DET: matched 10/18 player rows
  [49/71] gen_2002_20020512_CHH_NJN: matched 16/18 player rows
  [50/71] gen_2002_20020512_LAL_SAS: matched 19/20 player rows
  [51/71] gen_2002_20020513_DAL_SAC: matched 14/18 player rows
  [52/71] gen_2002_20020514_BOS_DET: matched 10/16 player rows
  [53/71] gen_2002_20020514_LAL_SAS: matched 19/20 player rows
  [54/71] gen_2002_20020515_CHH_NJN: matched 17/19 player rows
  [55/71] gen_2002_20020518_LAL_SAC: matched 17/17 player rows
  [56/71] gen_2002_20020519_BOS_NJN: matched 15/19 player rows
  [57/71] gen_2002_20020520_LAL_SAC: matched 17/17 player rows
  [58/71] gen_2002_20020521_BOS_NJN: matched 15/20 player rows
  [59/71] gen_2002_20020524_LAL_SAC: matched 18/18 player rows
  [60/71] gen_2002_20020525_BOS_NJN: matched 13/18 player rows
  [61/71] gen_2002_20020526_LAL_SAC: matched 17/17 player rows
  [62/71] gen_2002_20020527_BOS_NJN: matched 12/17 player rows
  [63/71] gen_2002_20020528_LAL_SAC: matched 17/19 player rows
  [64/71] gen_2002_20020529_BOS_NJN: matched 16/21 player rows
  [65/71] gen_2002_20020531_BOS_NJN: matched 13/18 player rows
  [66/71] gen_2002_20020531_LAL_SAC: matched 18/19 player rows
  [67/71] gen_2002_20020602_LAL_SAC: matched 18/19 player rows
  [68/71] gen_2002_20020605_LAL_NJN: matched 19/20 player rows
  [69/71] gen_2002_20020607_LAL_NJN: matched 21/22 player rows
  [70/71] gen_2002_20020609_LAL_NJN: matched 19/20 player rows
  [71/71] gen_2002_20020612_LAL_NJN: matched 18/20 player rows
Wrote /workspaces/playoff-translation/data/player_game_adjts_ingredients.csv with 4,151 rows. Newly rebuilt rows: 1,127. Matched games: 71. Unmatched games: 0.
Applied verified pbpstats.com API AdjTS to data-package.json, data/data-package.json, and index.html.
