{
  "endpointFilterAudit": {
    "GameIdIgnored": true,
    "FromDateToDateWorks": true
  }
}
candidate player-games: 7316
game rows processed: 25/7316
PBPStats on-court scrape
Started: 2026-06-26T06:08:37Z
Repo: /workspaces/playoff-translation
Years: 2012-2017
Log: logs/oncourt_game_2012_2017.log

{
  "endpointFilterAudit": {
    "GameIdIgnored": true,
    "FromDateToDateWorks": true
  }
}
candidate player-games: 7316
game rows processed: 25/7316
game rows processed: 50/7316
game rows processed: 75/7316
game rows processed: 100/7316
game rows processed: 125/7316
game rows processed: 150/7316
game rows processed: 175/7316
