{
  "endpointFilterAudit": {
    "GameIdIgnored": true,
    "FromDateToDateWorks": true
  }
}
candidate player-games: 5539
game rows processed: 25/5539
game rows processed: 50/5539
{
  "endpointFilterAudit": {
    "GameIdIgnored": true,
    "FromDateToDateWorks": true
  }
}
candidate player-games: 5539
game rows processed: 25/5539
game rows processed: 50/5539
game rows processed: 75/5539
game rows processed: 100/5539
game rows processed: 125/5539
game rows processed: 150/5539
game rows processed: 175/5539
game rows processed: 200/5539
game rows processed: 225/5539
game rows processed: 250/5539
game rows processed: 275/5539
game rows processed: 300/5539
game rows processed: 325/5539
game rows processed: 350/5539
game rows processed: 375/5539
game rows processed: 400/5539
game rows processed: 425/5539
game rows processed: 450/5539
game rows processed: 475/5539
game rows processed: 500/5539
game rows processed: 525/5539
game rows processed: 550/5539
game rows processed: 575/5539
game rows processed: 600/5539
game rows processed: 625/5539
game rows processed: 650/5539
game rows processed: 675/5539
game rows processed: 700/5539
game rows processed: 725/5539
game rows processed: 750/5539
game rows processed: 775/5539
game rows processed: 800/5539
game rows processed: 825/5539
