{
  "endpointFilterAudit": {
    "GameIdIgnored": true,
    "FromDateToDateWorks": true
  }
}
candidate player-games: 9932
game rows processed: 25/9932
PBPStats on-court scrape
Started: 2026-06-26T06:17:54Z
Repo: /workspaces/playoff-translation
Years: 2018-2026
Log: logs/oncourt_game_2018_2026.log

{
  "endpointFilterAudit": {
    "GameIdIgnored": true,
    "FromDateToDateWorks": true
  }
}
candidate player-games: 9932
game rows processed: 25/9932
game rows processed: 50/9932
game rows processed: 75/9932
game rows processed: 100/9932
game rows processed: 125/9932
game rows processed: 150/9932
game rows processed: 175/9932
game rows processed: 200/9932
game rows processed: 225/9932
game rows processed: 250/9932
game rows processed: 275/9932
game rows processed: 300/9932
game rows processed: 325/9932
game rows processed: 350/9932
game rows processed: 375/9932
